query len mean:  83.718928615999
query len std:  91.26797482079918
doc len mean:  281.2664732309996
doc len std:  714.5597250361296
total number of samples:  320520
query len mean:  83.718928615999
query len std:  91.26797482079918
doc len mean:  281.2664732309996
doc len std:  714.5597250361296
total number of samples:  320520
query len mean:  83.718928615999
query len std:  91.26797482079918
doc len mean:  281.2664732309996
doc len std:  714.5597250361296
total number of samples:  320520
query len mean:  83.718928615999
query len std:  91.26797482079918
doc len mean:  281.2664732309996
doc len std:  714.5597250361296
total number of samples:  320520
initialize a new peft
Model's Lora trainable parameters:
trainable params: 40,370,176 || all params: 7,655,986,688 || trainable%: 0.5273
initialize a new peft
Model's Lora trainable parameters:
trainable params: 40,370,176 || all params: 7,655,986,688 || trainable%: 0.5273
initialize a new peft
Model's Lora trainable parameters:
trainable params: 40,370,176 || all params: 7,655,986,688 || trainable%: 0.5273
initialize a new peft
Model's Lora trainable parameters:
trainable params: 40,370,176 || all params: 7,655,986,688 || trainable%: 0.5273
{'loss': 4.1047, 'grad_norm': 8.842427253723145, 'learning_rate': 1e-05, 'epoch': 0.0}
{'loss': 4.0602, 'grad_norm': 115.50672912597656, 'learning_rate': 1e-05, 'epoch': 0.0}
{'loss': 4.1559, 'grad_norm': 16.36342430114746, 'learning_rate': 1e-05, 'epoch': 0.0}
{'loss': 2.2193, 'grad_norm': 40.97397232055664, 'learning_rate': 1e-05, 'epoch': 0.0}
{'loss': 2.0763, 'grad_norm': 6.125579357147217, 'learning_rate': 1e-05, 'epoch': 0.0}
{'loss': 1.2363, 'grad_norm': 28.33662986755371, 'learning_rate': 1e-05, 'epoch': 0.01}
{'loss': 1.4836, 'grad_norm': 31.905935287475586, 'learning_rate': 1e-05, 'epoch': 0.01}
{'loss': 0.9208, 'grad_norm': 16.653091430664062, 'learning_rate': 1e-05, 'epoch': 0.01}
{'loss': 0.5801, 'grad_norm': 16.821866989135742, 'learning_rate': 1e-05, 'epoch': 0.01}
{'loss': 0.7445, 'grad_norm': 23.84478187561035, 'learning_rate': 1e-05, 'epoch': 0.01}
{'loss': 0.6872, 'grad_norm': 37.18401336669922, 'learning_rate': 1e-05, 'epoch': 0.01}
{'loss': 0.9297, 'grad_norm': 7.399147033691406, 'learning_rate': 1e-05, 'epoch': 0.01}
{'loss': 0.6539, 'grad_norm': 25.5092830657959, 'learning_rate': 1e-05, 'epoch': 0.01}
{'loss': 0.5992, 'grad_norm': 17.700456619262695, 'learning_rate': 1e-05, 'epoch': 0.01}
{'loss': 0.472, 'grad_norm': 11.179840087890625, 'learning_rate': 1e-05, 'epoch': 0.01}
{'loss': 0.6131, 'grad_norm': 15.435835838317871, 'learning_rate': 1e-05, 'epoch': 0.02}
{'loss': 0.5414, 'grad_norm': 24.963050842285156, 'learning_rate': 1e-05, 'epoch': 0.02}
{'loss': 0.7643, 'grad_norm': 38.125518798828125, 'learning_rate': 1e-05, 'epoch': 0.02}
{'loss': 0.4369, 'grad_norm': 22.949125289916992, 'learning_rate': 1e-05, 'epoch': 0.02}
{'loss': 0.524, 'grad_norm': 13.901813507080078, 'learning_rate': 1e-05, 'epoch': 0.02}
{'loss': 0.5575, 'grad_norm': 16.759716033935547, 'learning_rate': 1e-05, 'epoch': 0.02}
{'loss': 0.5903, 'grad_norm': 16.116804122924805, 'learning_rate': 1e-05, 'epoch': 0.02}
{'loss': 0.4796, 'grad_norm': 1.71992826461792, 'learning_rate': 1e-05, 'epoch': 0.02}
{'loss': 0.4238, 'grad_norm': 54.20258331298828, 'learning_rate': 1e-05, 'epoch': 0.02}
{'loss': 0.4437, 'grad_norm': 4.017256736755371, 'learning_rate': 1e-05, 'epoch': 0.02}
{'loss': 0.3529, 'grad_norm': 0.20091405510902405, 'learning_rate': 1e-05, 'epoch': 0.03}
{'loss': 0.5327, 'grad_norm': 5.466377258300781, 'learning_rate': 1e-05, 'epoch': 0.03}
{'loss': 0.3412, 'grad_norm': 33.54338073730469, 'learning_rate': 1e-05, 'epoch': 0.03}
{'loss': 0.403, 'grad_norm': 0.6659536361694336, 'learning_rate': 1e-05, 'epoch': 0.03}
{'loss': 0.3736, 'grad_norm': 0.2635478675365448, 'learning_rate': 1e-05, 'epoch': 0.03}
{'loss': 0.4042, 'grad_norm': 0.005760364234447479, 'learning_rate': 1e-05, 'epoch': 0.03}
{'loss': 0.3913, 'grad_norm': 0.8278828263282776, 'learning_rate': 1e-05, 'epoch': 0.03}
{'loss': 0.3728, 'grad_norm': 9.41567325592041, 'learning_rate': 1e-05, 'epoch': 0.03}
{'loss': 0.3717, 'grad_norm': 7.934349060058594, 'learning_rate': 1e-05, 'epoch': 0.03}
{'loss': 0.3258, 'grad_norm': 2.223384380340576, 'learning_rate': 1e-05, 'epoch': 0.03}
{'loss': 0.2564, 'grad_norm': 1.445955514907837, 'learning_rate': 1e-05, 'epoch': 0.04}
{'loss': 0.2699, 'grad_norm': 43.56167221069336, 'learning_rate': 1e-05, 'epoch': 0.04}
{'loss': 0.3489, 'grad_norm': 0.14367154240608215, 'learning_rate': 1e-05, 'epoch': 0.04}
{'loss': 0.3417, 'grad_norm': 0.013151311315596104, 'learning_rate': 1e-05, 'epoch': 0.04}
{'loss': 0.4086, 'grad_norm': 4.33431339263916, 'learning_rate': 1e-05, 'epoch': 0.04}
{'loss': 0.3104, 'grad_norm': 3.424750328063965, 'learning_rate': 1e-05, 'epoch': 0.04}
{'loss': 0.5508, 'grad_norm': 1.726493000984192, 'learning_rate': 1e-05, 'epoch': 0.04}
{'loss': 0.3076, 'grad_norm': 24.6336612701416, 'learning_rate': 1e-05, 'epoch': 0.04}
{'loss': 0.4409, 'grad_norm': 0.11384224146604538, 'learning_rate': 1e-05, 'epoch': 0.04}
{'loss': 0.3831, 'grad_norm': 0.16469091176986694, 'learning_rate': 1e-05, 'epoch': 0.04}
{'loss': 0.2538, 'grad_norm': 18.89558219909668, 'learning_rate': 1e-05, 'epoch': 0.05}
{'loss': 0.3344, 'grad_norm': 0.05448739603161812, 'learning_rate': 1e-05, 'epoch': 0.05}
{'loss': 0.2201, 'grad_norm': 67.55875396728516, 'learning_rate': 1e-05, 'epoch': 0.05}
{'loss': 0.3176, 'grad_norm': 3.366776466369629, 'learning_rate': 1e-05, 'epoch': 0.05}
{'loss': 0.4396, 'grad_norm': 0.34486886858940125, 'learning_rate': 1e-05, 'epoch': 0.05}
{'loss': 0.462, 'grad_norm': 1.9032115936279297, 'learning_rate': 1e-05, 'epoch': 0.05}
{'loss': 0.3127, 'grad_norm': 0.0001426291128154844, 'learning_rate': 1e-05, 'epoch': 0.05}
{'loss': 0.3166, 'grad_norm': 14.087112426757812, 'learning_rate': 1e-05, 'epoch': 0.05}
{'loss': 0.2921, 'grad_norm': 15.601694107055664, 'learning_rate': 1e-05, 'epoch': 0.05}
{'loss': 0.258, 'grad_norm': 30.32334327697754, 'learning_rate': 1e-05, 'epoch': 0.05}
{'loss': 0.2275, 'grad_norm': 19.862123489379883, 'learning_rate': 1e-05, 'epoch': 0.06}
{'loss': 0.3324, 'grad_norm': 0.07176646590232849, 'learning_rate': 1e-05, 'epoch': 0.06}
{'loss': 0.3526, 'grad_norm': 0.011611155234277248, 'learning_rate': 1e-05, 'epoch': 0.06}
{'loss': 0.4692, 'grad_norm': 35.42600631713867, 'learning_rate': 1e-05, 'epoch': 0.06}
{'loss': 0.2618, 'grad_norm': 2.0120842456817627, 'learning_rate': 1e-05, 'epoch': 0.06}
{'loss': 0.24, 'grad_norm': 0.9155398011207581, 'learning_rate': 1e-05, 'epoch': 0.06}
{'loss': 0.2548, 'grad_norm': 0.4934115409851074, 'learning_rate': 1e-05, 'epoch': 0.06}
{'loss': 0.3881, 'grad_norm': 0.06496874243021011, 'learning_rate': 1e-05, 'epoch': 0.06}
{'loss': 0.2025, 'grad_norm': 1.696090817451477, 'learning_rate': 1e-05, 'epoch': 0.06}
{'loss': 0.2877, 'grad_norm': 0.029283760115504265, 'learning_rate': 1e-05, 'epoch': 0.06}
{'loss': 0.3748, 'grad_norm': 19.974821090698242, 'learning_rate': 1e-05, 'epoch': 0.07}
{'loss': 0.2336, 'grad_norm': 0.0063682375475764275, 'learning_rate': 1e-05, 'epoch': 0.07}
{'loss': 0.2743, 'grad_norm': 0.6093030571937561, 'learning_rate': 1e-05, 'epoch': 0.07}
{'loss': 0.4274, 'grad_norm': 0.16358059644699097, 'learning_rate': 1e-05, 'epoch': 0.07}
{'loss': 0.3118, 'grad_norm': 31.85838508605957, 'learning_rate': 1e-05, 'epoch': 0.07}
{'loss': 0.3334, 'grad_norm': 53.56092834472656, 'learning_rate': 1e-05, 'epoch': 0.07}
{'loss': 0.1804, 'grad_norm': 0.18814928829669952, 'learning_rate': 1e-05, 'epoch': 0.07}
{'loss': 0.2944, 'grad_norm': 36.55909729003906, 'learning_rate': 1e-05, 'epoch': 0.07}
{'loss': 0.293, 'grad_norm': 1.115147352218628, 'learning_rate': 1e-05, 'epoch': 0.07}
{'loss': 0.4284, 'grad_norm': 1.389804482460022, 'learning_rate': 1e-05, 'epoch': 0.07}
{'loss': 0.2229, 'grad_norm': 3.7569704055786133, 'learning_rate': 1e-05, 'epoch': 0.08}
{'loss': 0.3221, 'grad_norm': 4.487215042114258, 'learning_rate': 1e-05, 'epoch': 0.08}
{'loss': 0.2665, 'grad_norm': 0.004957986064255238, 'learning_rate': 1e-05, 'epoch': 0.08}
{'loss': 0.2284, 'grad_norm': 27.19626808166504, 'learning_rate': 1e-05, 'epoch': 0.08}
{'loss': 0.3588, 'grad_norm': 0.12709882855415344, 'learning_rate': 1e-05, 'epoch': 0.08}
{'loss': 0.2676, 'grad_norm': 4.082306861877441, 'learning_rate': 1e-05, 'epoch': 0.08}
{'loss': 0.3249, 'grad_norm': 26.995559692382812, 'learning_rate': 1e-05, 'epoch': 0.08}
{'loss': 0.2268, 'grad_norm': 0.003913177642971277, 'learning_rate': 1e-05, 'epoch': 0.08}
{'loss': 0.1955, 'grad_norm': 0.0007205819711089134, 'learning_rate': 1e-05, 'epoch': 0.08}
{'loss': 0.2401, 'grad_norm': 0.03911971300840378, 'learning_rate': 1e-05, 'epoch': 0.08}
{'loss': 0.3854, 'grad_norm': 6.339409351348877, 'learning_rate': 1e-05, 'epoch': 0.09}
{'loss': 0.3552, 'grad_norm': 0.09700062870979309, 'learning_rate': 1e-05, 'epoch': 0.09}
{'loss': 0.2971, 'grad_norm': 44.98362731933594, 'learning_rate': 1e-05, 'epoch': 0.09}
{'loss': 0.3335, 'grad_norm': 0.09285905957221985, 'learning_rate': 1e-05, 'epoch': 0.09}
{'loss': 0.2428, 'grad_norm': 8.930682182312012, 'learning_rate': 1e-05, 'epoch': 0.09}
{'loss': 0.2621, 'grad_norm': 0.009377483278512955, 'learning_rate': 1e-05, 'epoch': 0.09}
{'loss': 0.2197, 'grad_norm': 0.41775792837142944, 'learning_rate': 1e-05, 'epoch': 0.09}
{'loss': 0.3759, 'grad_norm': 1.3075859546661377, 'learning_rate': 1e-05, 'epoch': 0.09}
{'loss': 0.3034, 'grad_norm': 44.98674774169922, 'learning_rate': 1e-05, 'epoch': 0.09}
{'loss': 0.3892, 'grad_norm': 8.770498425292317e-06, 'learning_rate': 1e-05, 'epoch': 0.09}
{'loss': 0.2861, 'grad_norm': 48.7249870300293, 'learning_rate': 1e-05, 'epoch': 0.1}
{'loss': 0.3064, 'grad_norm': 59.966793060302734, 'learning_rate': 1e-05, 'epoch': 0.1}
{'loss': 0.3731, 'grad_norm': 43.62287521362305, 'learning_rate': 1e-05, 'epoch': 0.1}
{'loss': 0.2272, 'grad_norm': 38.551387786865234, 'learning_rate': 1e-05, 'epoch': 0.1}
{'loss': 0.2617, 'grad_norm': 8.840349197387695, 'learning_rate': 1e-05, 'epoch': 0.1}
{'loss': 0.2833, 'grad_norm': 0.0016183314146474004, 'learning_rate': 1e-05, 'epoch': 0.1}
{'loss': 0.2877, 'grad_norm': 21.44587516784668, 'learning_rate': 1e-05, 'epoch': 0.1}
{'loss': 0.2828, 'grad_norm': 0.07416150718927383, 'learning_rate': 1e-05, 'epoch': 0.1}
{'loss': 0.2783, 'grad_norm': 0.00016494774899911135, 'learning_rate': 1e-05, 'epoch': 0.1}
{'loss': 0.3493, 'grad_norm': 0.12893423438072205, 'learning_rate': 1e-05, 'epoch': 0.1}
{'loss': 0.2649, 'grad_norm': 10.701245307922363, 'learning_rate': 1e-05, 'epoch': 0.11}
{'loss': 0.3061, 'grad_norm': 4.312584496801719e-05, 'learning_rate': 1e-05, 'epoch': 0.11}
{'loss': 0.2906, 'grad_norm': 0.09450940042734146, 'learning_rate': 1e-05, 'epoch': 0.11}
{'loss': 0.2464, 'grad_norm': 0.020211920142173767, 'learning_rate': 1e-05, 'epoch': 0.11}
{'loss': 0.2057, 'grad_norm': 8.912762641906738, 'learning_rate': 1e-05, 'epoch': 0.11}
{'loss': 0.26, 'grad_norm': 49.30418014526367, 'learning_rate': 1e-05, 'epoch': 0.11}
{'loss': 0.266, 'grad_norm': 6.449172496795654, 'learning_rate': 1e-05, 'epoch': 0.11}
{'loss': 0.2864, 'grad_norm': 8.872574806213379, 'learning_rate': 1e-05, 'epoch': 0.11}
{'loss': 0.2335, 'grad_norm': 0.019214807078242302, 'learning_rate': 1e-05, 'epoch': 0.11}
{'loss': 0.2124, 'grad_norm': 0.0024334327317774296, 'learning_rate': 1e-05, 'epoch': 0.11}
{'loss': 0.2612, 'grad_norm': 0.003470872063189745, 'learning_rate': 1e-05, 'epoch': 0.12}
{'loss': 0.2258, 'grad_norm': 6.516844587167725e-05, 'learning_rate': 1e-05, 'epoch': 0.12}
{'loss': 0.207, 'grad_norm': 0.09687932580709457, 'learning_rate': 1e-05, 'epoch': 0.12}
{'loss': 0.1003, 'grad_norm': 0.21394649147987366, 'learning_rate': 1e-05, 'epoch': 0.12}
{'loss': 0.1924, 'grad_norm': 0.0008395121549256146, 'learning_rate': 1e-05, 'epoch': 0.12}
{'loss': 0.2798, 'grad_norm': 0.0004204463621135801, 'learning_rate': 1e-05, 'epoch': 0.12}
{'loss': 0.1991, 'grad_norm': 0.20946943759918213, 'learning_rate': 1e-05, 'epoch': 0.12}
{'loss': 0.2334, 'grad_norm': 0.08428216725587845, 'learning_rate': 1e-05, 'epoch': 0.12}
{'loss': 0.2236, 'grad_norm': 0.0728980228304863, 'learning_rate': 1e-05, 'epoch': 0.12}
{'loss': 0.2224, 'grad_norm': 20.14455223083496, 'learning_rate': 1e-05, 'epoch': 0.12}
{'loss': 0.2494, 'grad_norm': 16.04746437072754, 'learning_rate': 1e-05, 'epoch': 0.13}
{'loss': 0.3077, 'grad_norm': 30.644426345825195, 'learning_rate': 1e-05, 'epoch': 0.13}
{'loss': 0.2811, 'grad_norm': 1.3371237516403198, 'learning_rate': 1e-05, 'epoch': 0.13}
{'loss': 0.3787, 'grad_norm': 43.107791900634766, 'learning_rate': 1e-05, 'epoch': 0.13}
{'loss': 0.2756, 'grad_norm': 0.037108175456523895, 'learning_rate': 1e-05, 'epoch': 0.13}
{'loss': 0.2506, 'grad_norm': 39.8973274230957, 'learning_rate': 1e-05, 'epoch': 0.13}
{'loss': 0.1784, 'grad_norm': 30.73591423034668, 'learning_rate': 1e-05, 'epoch': 0.13}
{'loss': 0.2505, 'grad_norm': 0.006908093113452196, 'learning_rate': 1e-05, 'epoch': 0.13}
{'loss': 0.2569, 'grad_norm': 0.24889449775218964, 'learning_rate': 1e-05, 'epoch': 0.13}
{'loss': 0.2857, 'grad_norm': 6.4354448318481445, 'learning_rate': 1e-05, 'epoch': 0.13}
{'loss': 0.2959, 'grad_norm': 0.01329334918409586, 'learning_rate': 1e-05, 'epoch': 0.14}
{'loss': 0.3153, 'grad_norm': 11.49737548828125, 'learning_rate': 1e-05, 'epoch': 0.14}
{'loss': 0.2049, 'grad_norm': 42.068782806396484, 'learning_rate': 1e-05, 'epoch': 0.14}
{'loss': 0.2887, 'grad_norm': 1.394362449645996, 'learning_rate': 1e-05, 'epoch': 0.14}
{'loss': 0.1279, 'grad_norm': 2.6409127712249756, 'learning_rate': 1e-05, 'epoch': 0.14}
{'loss': 0.186, 'grad_norm': 69.69158172607422, 'learning_rate': 1e-05, 'epoch': 0.14}
{'loss': 0.1669, 'grad_norm': 19.326251983642578, 'learning_rate': 1e-05, 'epoch': 0.14}
{'loss': 0.217, 'grad_norm': 0.2018166184425354, 'learning_rate': 1e-05, 'epoch': 0.14}
{'loss': 0.2419, 'grad_norm': 0.9093959927558899, 'learning_rate': 1e-05, 'epoch': 0.14}
{'loss': 0.1914, 'grad_norm': 0.01547018438577652, 'learning_rate': 1e-05, 'epoch': 0.14}
{'loss': 0.226, 'grad_norm': 0.0017965171718969941, 'learning_rate': 1e-05, 'epoch': 0.15}
{'loss': 0.2235, 'grad_norm': 0.13054688274860382, 'learning_rate': 1e-05, 'epoch': 0.15}
{'loss': 0.2872, 'grad_norm': 28.55873680114746, 'learning_rate': 1e-05, 'epoch': 0.15}
{'loss': 0.2364, 'grad_norm': 2.066967487335205, 'learning_rate': 1e-05, 'epoch': 0.15}
{'loss': 0.3641, 'grad_norm': 0.18720723688602448, 'learning_rate': 1e-05, 'epoch': 0.15}
{'loss': 0.2622, 'grad_norm': 3.1074236176209524e-05, 'learning_rate': 1e-05, 'epoch': 0.15}
{'loss': 0.2026, 'grad_norm': 0.1078939139842987, 'learning_rate': 1e-05, 'epoch': 0.15}
{'loss': 0.2945, 'grad_norm': 9.26601791381836, 'learning_rate': 1e-05, 'epoch': 0.15}
{'loss': 0.1097, 'grad_norm': 32.05692672729492, 'learning_rate': 1e-05, 'epoch': 0.15}
{'loss': 0.3251, 'grad_norm': 0.011956817470490932, 'learning_rate': 1e-05, 'epoch': 0.15}
{'loss': 0.3026, 'grad_norm': 0.039894040673971176, 'learning_rate': 1e-05, 'epoch': 0.16}
{'loss': 0.2165, 'grad_norm': 5.779321670532227, 'learning_rate': 1e-05, 'epoch': 0.16}
{'loss': 0.2241, 'grad_norm': 0.762585461139679, 'learning_rate': 1e-05, 'epoch': 0.16}
{'loss': 0.3235, 'grad_norm': 0.7278707027435303, 'learning_rate': 1e-05, 'epoch': 0.16}
{'loss': 0.1792, 'grad_norm': 0.003928835969418287, 'learning_rate': 1e-05, 'epoch': 0.16}
{'loss': 0.2741, 'grad_norm': 0.014493847265839577, 'learning_rate': 1e-05, 'epoch': 0.16}
{'loss': 0.2136, 'grad_norm': 0.00023136234085541219, 'learning_rate': 1e-05, 'epoch': 0.16}
{'loss': 0.1991, 'grad_norm': 0.4459737539291382, 'learning_rate': 1e-05, 'epoch': 0.16}
{'loss': 0.1818, 'grad_norm': 0.014687624759972095, 'learning_rate': 1e-05, 'epoch': 0.16}
{'loss': 0.2694, 'grad_norm': 33.16157913208008, 'learning_rate': 1e-05, 'epoch': 0.16}
{'loss': 0.2097, 'grad_norm': 5.109964847564697, 'learning_rate': 1e-05, 'epoch': 0.17}
{'loss': 0.4333, 'grad_norm': 9.069709777832031, 'learning_rate': 1e-05, 'epoch': 0.17}
{'loss': 0.3204, 'grad_norm': 0.0004579237720463425, 'learning_rate': 1e-05, 'epoch': 0.17}
{'loss': 0.4721, 'grad_norm': 0.06738591194152832, 'learning_rate': 1e-05, 'epoch': 0.17}
{'loss': 0.2535, 'grad_norm': 0.012013514526188374, 'learning_rate': 1e-05, 'epoch': 0.17}
{'loss': 0.26, 'grad_norm': 60.162078857421875, 'learning_rate': 1e-05, 'epoch': 0.17}
{'loss': 0.3032, 'grad_norm': 3.2023104722611606e-05, 'learning_rate': 1e-05, 'epoch': 0.17}
{'loss': 0.2718, 'grad_norm': 0.5031340718269348, 'learning_rate': 1e-05, 'epoch': 0.17}
{'loss': 0.1926, 'grad_norm': 0.5241605043411255, 'learning_rate': 1e-05, 'epoch': 0.17}
{'loss': 0.2944, 'grad_norm': 0.0008753468282520771, 'learning_rate': 1e-05, 'epoch': 0.17}
{'loss': 0.3111, 'grad_norm': 21.880807876586914, 'learning_rate': 1e-05, 'epoch': 0.18}
{'loss': 0.1798, 'grad_norm': 0.0002109796623699367, 'learning_rate': 1e-05, 'epoch': 0.18}
{'loss': 0.2556, 'grad_norm': 2.042686939239502, 'learning_rate': 1e-05, 'epoch': 0.18}
{'loss': 0.3347, 'grad_norm': 11.173063278198242, 'learning_rate': 1e-05, 'epoch': 0.18}
{'loss': 0.2191, 'grad_norm': 28.958568572998047, 'learning_rate': 1e-05, 'epoch': 0.18}
{'loss': 0.4081, 'grad_norm': 26.9205322265625, 'learning_rate': 1e-05, 'epoch': 0.18}
{'loss': 0.3214, 'grad_norm': 1.3836102485656738, 'learning_rate': 1e-05, 'epoch': 0.18}
{'loss': 0.1829, 'grad_norm': 2.179530620574951, 'learning_rate': 1e-05, 'epoch': 0.18}
{'loss': 0.2145, 'grad_norm': 0.05241262912750244, 'learning_rate': 1e-05, 'epoch': 0.18}
{'loss': 0.2211, 'grad_norm': 2.2228829860687256, 'learning_rate': 1e-05, 'epoch': 0.18}
{'loss': 0.1499, 'grad_norm': 0.0044188592582941055, 'learning_rate': 1e-05, 'epoch': 0.19}
{'loss': 0.1695, 'grad_norm': 0.005073866806924343, 'learning_rate': 1e-05, 'epoch': 0.19}
{'loss': 0.1477, 'grad_norm': 28.079647064208984, 'learning_rate': 1e-05, 'epoch': 0.19}
{'loss': 0.1944, 'grad_norm': 0.004680123645812273, 'learning_rate': 1e-05, 'epoch': 0.19}
{'loss': 0.3176, 'grad_norm': 0.7531359791755676, 'learning_rate': 1e-05, 'epoch': 0.19}
{'loss': 0.3191, 'grad_norm': 62.0235481262207, 'learning_rate': 1e-05, 'epoch': 0.19}
{'loss': 0.1534, 'grad_norm': 9.739778518676758, 'learning_rate': 1e-05, 'epoch': 0.19}
{'loss': 0.2625, 'grad_norm': 8.077746391296387, 'learning_rate': 1e-05, 'epoch': 0.19}
{'loss': 0.1809, 'grad_norm': 0.5020391941070557, 'learning_rate': 1e-05, 'epoch': 0.19}
{'loss': 0.2868, 'grad_norm': 17.42555046081543, 'learning_rate': 1e-05, 'epoch': 0.19}
{'loss': 0.1338, 'grad_norm': 0.008995769545435905, 'learning_rate': 1e-05, 'epoch': 0.2}
{'loss': 0.17, 'grad_norm': 0.3624107837677002, 'learning_rate': 1e-05, 'epoch': 0.2}
{'loss': 0.2236, 'grad_norm': 0.0007204951834864914, 'learning_rate': 1e-05, 'epoch': 0.2}
{'loss': 0.2779, 'grad_norm': 0.15467777848243713, 'learning_rate': 1e-05, 'epoch': 0.2}
{'loss': 0.2866, 'grad_norm': 0.0010138521902263165, 'learning_rate': 1e-05, 'epoch': 0.2}
{'loss': 0.289, 'grad_norm': 1.717085599899292, 'learning_rate': 1e-05, 'epoch': 0.2}
{'loss': 0.2951, 'grad_norm': 44.471038818359375, 'learning_rate': 1e-05, 'epoch': 0.2}
{'loss': 0.2518, 'grad_norm': 3.878274583257735e-05, 'learning_rate': 1e-05, 'epoch': 0.2}
{'loss': 0.1645, 'grad_norm': 1.6696653366088867, 'learning_rate': 1e-05, 'epoch': 0.2}
{'loss': 0.2091, 'grad_norm': 0.006657743360847235, 'learning_rate': 1e-05, 'epoch': 0.2}
{'loss': 0.2461, 'grad_norm': 5.5918660163879395, 'learning_rate': 1e-05, 'epoch': 0.21}
{'loss': 0.1897, 'grad_norm': 5.184471607208252, 'learning_rate': 1e-05, 'epoch': 0.21}
{'loss': 0.2319, 'grad_norm': 30.17470932006836, 'learning_rate': 1e-05, 'epoch': 0.21}
{'loss': 0.229, 'grad_norm': 22.089059829711914, 'learning_rate': 1e-05, 'epoch': 0.21}
{'loss': 0.0981, 'grad_norm': 0.07392088323831558, 'learning_rate': 1e-05, 'epoch': 0.21}
{'loss': 0.1605, 'grad_norm': 0.0009966609068214893, 'learning_rate': 1e-05, 'epoch': 0.21}
{'loss': 0.2921, 'grad_norm': 3.008864587172866e-05, 'learning_rate': 1e-05, 'epoch': 0.21}
{'loss': 0.3155, 'grad_norm': 8.704957144800574e-05, 'learning_rate': 1e-05, 'epoch': 0.21}
{'loss': 0.2017, 'grad_norm': 0.001980239525437355, 'learning_rate': 1e-05, 'epoch': 0.21}
{'loss': 0.1899, 'grad_norm': 0.054411351680755615, 'learning_rate': 1e-05, 'epoch': 0.21}
{'loss': 0.1844, 'grad_norm': 0.0054960232228040695, 'learning_rate': 1e-05, 'epoch': 0.22}
{'loss': 0.2595, 'grad_norm': 0.05444202572107315, 'learning_rate': 1e-05, 'epoch': 0.22}
{'loss': 0.208, 'grad_norm': 0.001468186965212226, 'learning_rate': 1e-05, 'epoch': 0.22}
{'loss': 0.1631, 'grad_norm': 2.4895827770233154, 'learning_rate': 1e-05, 'epoch': 0.22}
{'loss': 0.2562, 'grad_norm': 4.990707748220302e-05, 'learning_rate': 1e-05, 'epoch': 0.22}
{'loss': 0.2741, 'grad_norm': 53.77823257446289, 'learning_rate': 1e-05, 'epoch': 0.22}
{'loss': 0.2646, 'grad_norm': 0.0076807294972240925, 'learning_rate': 1e-05, 'epoch': 0.22}
{'loss': 0.2502, 'grad_norm': 0.05481521785259247, 'learning_rate': 1e-05, 'epoch': 0.22}
{'loss': 0.1913, 'grad_norm': 7.931421279907227, 'learning_rate': 1e-05, 'epoch': 0.22}
{'loss': 0.2278, 'grad_norm': 43.32221221923828, 'learning_rate': 1e-05, 'epoch': 0.22}
{'loss': 0.2021, 'grad_norm': 3.8118505477905273, 'learning_rate': 1e-05, 'epoch': 0.23}
{'loss': 0.278, 'grad_norm': 19.690053939819336, 'learning_rate': 1e-05, 'epoch': 0.23}
{'loss': 0.2434, 'grad_norm': 0.04392126575112343, 'learning_rate': 1e-05, 'epoch': 0.23}
{'loss': 0.1472, 'grad_norm': 0.0004227141907904297, 'learning_rate': 1e-05, 'epoch': 0.23}
{'loss': 0.1997, 'grad_norm': 0.9167965650558472, 'learning_rate': 1e-05, 'epoch': 0.23}
{'loss': 0.1619, 'grad_norm': 27.985166549682617, 'learning_rate': 1e-05, 'epoch': 0.23}
{'loss': 0.2649, 'grad_norm': 0.0073590814135968685, 'learning_rate': 1e-05, 'epoch': 0.23}
{'loss': 0.1878, 'grad_norm': 0.0050269924104213715, 'learning_rate': 1e-05, 'epoch': 0.23}
{'loss': 0.237, 'grad_norm': 0.1894337236881256, 'learning_rate': 1e-05, 'epoch': 0.23}
{'loss': 0.1885, 'grad_norm': 0.05419053137302399, 'learning_rate': 1e-05, 'epoch': 0.23}
{'loss': 0.2065, 'grad_norm': 49.22096633911133, 'learning_rate': 1e-05, 'epoch': 0.24}
{'loss': 0.1983, 'grad_norm': 6.328843483061064e-06, 'learning_rate': 1e-05, 'epoch': 0.24}
{'loss': 0.2796, 'grad_norm': 3.948781159124337e-05, 'learning_rate': 1e-05, 'epoch': 0.24}
{'loss': 0.2094, 'grad_norm': 0.00910013448446989, 'learning_rate': 1e-05, 'epoch': 0.24}
{'loss': 0.204, 'grad_norm': 0.026587270200252533, 'learning_rate': 1e-05, 'epoch': 0.24}
{'loss': 0.1743, 'grad_norm': 0.07576021552085876, 'learning_rate': 1e-05, 'epoch': 0.24}
{'loss': 0.2427, 'grad_norm': 40.7595329284668, 'learning_rate': 1e-05, 'epoch': 0.24}
{'loss': 0.2402, 'grad_norm': 5.93412971496582, 'learning_rate': 1e-05, 'epoch': 0.24}
{'loss': 0.2638, 'grad_norm': 5.175134356250055e-05, 'learning_rate': 1e-05, 'epoch': 0.24}
{'loss': 0.1382, 'grad_norm': 1.5238643884658813, 'learning_rate': 1e-05, 'epoch': 0.24}
{'loss': 0.2713, 'grad_norm': 0.0008649443043395877, 'learning_rate': 1e-05, 'epoch': 0.25}
{'loss': 0.119, 'grad_norm': 0.0001385840296279639, 'learning_rate': 1e-05, 'epoch': 0.25}
{'loss': 0.2529, 'grad_norm': 0.00038520607631653547, 'learning_rate': 1e-05, 'epoch': 0.25}
{'loss': 0.1899, 'grad_norm': 23.13316535949707, 'learning_rate': 1e-05, 'epoch': 0.25}
{'loss': 0.2221, 'grad_norm': 41.070220947265625, 'learning_rate': 1e-05, 'epoch': 0.25}
{'loss': 0.2465, 'grad_norm': 0.0006616672617383301, 'learning_rate': 1e-05, 'epoch': 0.25}
{'loss': 0.2243, 'grad_norm': 2.6416419132146984e-05, 'learning_rate': 1e-05, 'epoch': 0.25}
{'loss': 0.1849, 'grad_norm': 0.0012300860835239291, 'learning_rate': 1e-05, 'epoch': 0.25}
{'loss': 0.3763, 'grad_norm': 206.85385131835938, 'learning_rate': 1e-05, 'epoch': 0.25}
{'loss': 0.2582, 'grad_norm': 33.90595626831055, 'learning_rate': 1e-05, 'epoch': 0.25}
{'loss': 0.1708, 'grad_norm': 17.782623291015625, 'learning_rate': 1e-05, 'epoch': 0.26}
{'loss': 0.1595, 'grad_norm': 0.0018336981302127242, 'learning_rate': 1e-05, 'epoch': 0.26}
{'loss': 0.3184, 'grad_norm': 19.122034072875977, 'learning_rate': 1e-05, 'epoch': 0.26}
{'loss': 0.1992, 'grad_norm': 14.764603614807129, 'learning_rate': 1e-05, 'epoch': 0.26}
{'loss': 0.2488, 'grad_norm': 1.576656699180603, 'learning_rate': 1e-05, 'epoch': 0.26}
{'loss': 0.2267, 'grad_norm': 8.740897465031594e-05, 'learning_rate': 1e-05, 'epoch': 0.26}
{'loss': 0.3686, 'grad_norm': 31.66086196899414, 'learning_rate': 1e-05, 'epoch': 0.26}
{'loss': 0.2731, 'grad_norm': 23.947097778320312, 'learning_rate': 1e-05, 'epoch': 0.26}
{'loss': 0.3309, 'grad_norm': 1.5714805126190186, 'learning_rate': 1e-05, 'epoch': 0.26}
{'loss': 0.1532, 'grad_norm': 0.0068656099028885365, 'learning_rate': 1e-05, 'epoch': 0.26}
{'loss': 0.1644, 'grad_norm': 36.39139938354492, 'learning_rate': 1e-05, 'epoch': 0.27}
{'loss': 0.2247, 'grad_norm': 34.82000732421875, 'learning_rate': 1e-05, 'epoch': 0.27}
{'loss': 0.2012, 'grad_norm': 4.429781256476417e-05, 'learning_rate': 1e-05, 'epoch': 0.27}
{'loss': 0.2013, 'grad_norm': 0.0014085943112149835, 'learning_rate': 1e-05, 'epoch': 0.27}
{'loss': 0.1597, 'grad_norm': 0.0009645670070312917, 'learning_rate': 1e-05, 'epoch': 0.27}
{'loss': 0.2502, 'grad_norm': 14.960007667541504, 'learning_rate': 1e-05, 'epoch': 0.27}
{'loss': 0.2636, 'grad_norm': 0.00023934568162076175, 'learning_rate': 1e-05, 'epoch': 0.27}
{'loss': 0.166, 'grad_norm': 0.8852838277816772, 'learning_rate': 1e-05, 'epoch': 0.27}
{'loss': 0.307, 'grad_norm': 542.4669799804688, 'learning_rate': 1e-05, 'epoch': 0.27}
{'loss': 0.1692, 'grad_norm': 31.41234588623047, 'learning_rate': 1e-05, 'epoch': 0.27}
{'loss': 0.1518, 'grad_norm': 15.108624458312988, 'learning_rate': 1e-05, 'epoch': 0.28}
{'loss': 0.2047, 'grad_norm': 75.90592193603516, 'learning_rate': 1e-05, 'epoch': 0.28}
{'loss': 0.1737, 'grad_norm': 0.3809110224246979, 'learning_rate': 1e-05, 'epoch': 0.28}
{'loss': 0.2582, 'grad_norm': 0.17290149629116058, 'learning_rate': 1e-05, 'epoch': 0.28}
{'loss': 0.172, 'grad_norm': 7.749724318273365e-05, 'learning_rate': 1e-05, 'epoch': 0.28}
{'loss': 0.4706, 'grad_norm': 0.2129545658826828, 'learning_rate': 1e-05, 'epoch': 0.28}
{'loss': 0.2034, 'grad_norm': 0.02269495651125908, 'learning_rate': 1e-05, 'epoch': 0.28}
{'loss': 0.1377, 'grad_norm': 0.004557090811431408, 'learning_rate': 1e-05, 'epoch': 0.28}
{'loss': 0.2874, 'grad_norm': 45.31254196166992, 'learning_rate': 1e-05, 'epoch': 0.28}
{'loss': 0.2119, 'grad_norm': 28.999364852905273, 'learning_rate': 1e-05, 'epoch': 0.28}
{'loss': 0.2062, 'grad_norm': 6.488127708435059, 'learning_rate': 1e-05, 'epoch': 0.29}
{'loss': 0.2889, 'grad_norm': 2.8641583919525146, 'learning_rate': 1e-05, 'epoch': 0.29}
{'loss': 0.1648, 'grad_norm': 22.654422760009766, 'learning_rate': 1e-05, 'epoch': 0.29}
{'loss': 0.1449, 'grad_norm': 0.018705587834119797, 'learning_rate': 1e-05, 'epoch': 0.29}
{'loss': 0.2003, 'grad_norm': 6.783729622839019e-05, 'learning_rate': 1e-05, 'epoch': 0.29}
{'loss': 0.1937, 'grad_norm': 0.000286040740320459, 'learning_rate': 1e-05, 'epoch': 0.29}
{'loss': 0.1355, 'grad_norm': 6.521544128190726e-05, 'learning_rate': 1e-05, 'epoch': 0.29}
{'loss': 0.308, 'grad_norm': 0.06502363830804825, 'learning_rate': 1e-05, 'epoch': 0.29}
{'loss': 0.2393, 'grad_norm': 0.08922760933637619, 'learning_rate': 1e-05, 'epoch': 0.29}
{'loss': 0.167, 'grad_norm': 2.111444337060675e-05, 'learning_rate': 1e-05, 'epoch': 0.29}
{'loss': 0.3122, 'grad_norm': 1.6506258249282837, 'learning_rate': 1e-05, 'epoch': 0.3}
{'loss': 0.1472, 'grad_norm': 0.0007630493491888046, 'learning_rate': 1e-05, 'epoch': 0.3}
{'loss': 0.2969, 'grad_norm': 5.4056785302236676e-05, 'learning_rate': 1e-05, 'epoch': 0.3}
{'loss': 0.1867, 'grad_norm': 0.00358404777944088, 'learning_rate': 1e-05, 'epoch': 0.3}
{'loss': 0.2088, 'grad_norm': 2.434170482956688e-06, 'learning_rate': 1e-05, 'epoch': 0.3}
{'loss': 0.2471, 'grad_norm': 4.6156335884006694e-05, 'learning_rate': 1e-05, 'epoch': 0.3}
{'loss': 0.2195, 'grad_norm': 7.517733097076416, 'learning_rate': 1e-05, 'epoch': 0.3}
{'loss': 0.2172, 'grad_norm': 1.3681576251983643, 'learning_rate': 1e-05, 'epoch': 0.3}
{'loss': 0.2346, 'grad_norm': 28.365589141845703, 'learning_rate': 1e-05, 'epoch': 0.3}
{'loss': 0.2688, 'grad_norm': 0.9311449527740479, 'learning_rate': 1e-05, 'epoch': 0.3}
{'loss': 0.1648, 'grad_norm': 0.5486480593681335, 'learning_rate': 1e-05, 'epoch': 0.31}
{'loss': 0.1768, 'grad_norm': 0.0002977536933030933, 'learning_rate': 1e-05, 'epoch': 0.31}
{'loss': 0.1583, 'grad_norm': 20.31944465637207, 'learning_rate': 1e-05, 'epoch': 0.31}
{'loss': 0.1436, 'grad_norm': 32.126651763916016, 'learning_rate': 1e-05, 'epoch': 0.31}
{'loss': 0.173, 'grad_norm': 0.7175790667533875, 'learning_rate': 1e-05, 'epoch': 0.31}
{'loss': 0.2404, 'grad_norm': 0.2751910388469696, 'learning_rate': 1e-05, 'epoch': 0.31}
{'loss': 0.1481, 'grad_norm': 0.5996749997138977, 'learning_rate': 1e-05, 'epoch': 0.31}
{'loss': 0.2052, 'grad_norm': 0.0036882224958389997, 'learning_rate': 1e-05, 'epoch': 0.31}
{'loss': 0.1792, 'grad_norm': 49.21101760864258, 'learning_rate': 1e-05, 'epoch': 0.31}
{'loss': 0.2826, 'grad_norm': 0.3117845058441162, 'learning_rate': 1e-05, 'epoch': 0.31}
{'loss': 0.2297, 'grad_norm': 36.6285514831543, 'learning_rate': 1e-05, 'epoch': 0.32}
{'loss': 0.2186, 'grad_norm': 0.5045519471168518, 'learning_rate': 1e-05, 'epoch': 0.32}
{'loss': 0.3437, 'grad_norm': 0.3308641314506531, 'learning_rate': 1e-05, 'epoch': 0.32}
{'loss': 0.2025, 'grad_norm': 0.041472166776657104, 'learning_rate': 1e-05, 'epoch': 0.32}
{'loss': 0.2687, 'grad_norm': 0.7698532342910767, 'learning_rate': 1e-05, 'epoch': 0.32}
{'loss': 0.2557, 'grad_norm': 8.928900718688965, 'learning_rate': 1e-05, 'epoch': 0.32}
{'loss': 0.2821, 'grad_norm': 38.848541259765625, 'learning_rate': 1e-05, 'epoch': 0.32}
{'loss': 0.1396, 'grad_norm': 0.12891776859760284, 'learning_rate': 1e-05, 'epoch': 0.32}
{'loss': 0.1483, 'grad_norm': 0.00236725527793169, 'learning_rate': 1e-05, 'epoch': 0.32}
{'loss': 0.2102, 'grad_norm': 0.03715720772743225, 'learning_rate': 1e-05, 'epoch': 0.32}
{'loss': 0.2345, 'grad_norm': 0.09061864018440247, 'learning_rate': 1e-05, 'epoch': 0.33}
{'loss': 0.2749, 'grad_norm': 3.6404666900634766, 'learning_rate': 1e-05, 'epoch': 0.33}
{'loss': 0.1468, 'grad_norm': 0.02718733623623848, 'learning_rate': 1e-05, 'epoch': 0.33}
{'loss': 0.1654, 'grad_norm': 0.0008671038085594773, 'learning_rate': 1e-05, 'epoch': 0.33}
{'loss': 0.2463, 'grad_norm': 0.0010355068370699883, 'learning_rate': 1e-05, 'epoch': 0.33}
{'loss': 0.1415, 'grad_norm': 0.3526417911052704, 'learning_rate': 1e-05, 'epoch': 0.33}
{'loss': 0.2366, 'grad_norm': 2.2056059606256895e-05, 'learning_rate': 1e-05, 'epoch': 0.33}
{'loss': 0.2151, 'grad_norm': 2.1874548110645264e-06, 'learning_rate': 1e-05, 'epoch': 0.33}
{'loss': 0.2385, 'grad_norm': 31.53537940979004, 'learning_rate': 1e-05, 'epoch': 0.33}
{'loss': 0.241, 'grad_norm': 0.09129516035318375, 'learning_rate': 1e-05, 'epoch': 0.33}
{'loss': 0.174, 'grad_norm': 0.0008096359088085592, 'learning_rate': 1e-05, 'epoch': 0.34}
{'loss': 0.164, 'grad_norm': 0.759899377822876, 'learning_rate': 1e-05, 'epoch': 0.34}
{'loss': 0.2059, 'grad_norm': 6.21766093900078e-06, 'learning_rate': 1e-05, 'epoch': 0.34}
{'loss': 0.2403, 'grad_norm': 0.16229432821273804, 'learning_rate': 1e-05, 'epoch': 0.34}
{'loss': 0.1717, 'grad_norm': 40.131465911865234, 'learning_rate': 1e-05, 'epoch': 0.34}
{'loss': 0.1707, 'grad_norm': 0.008299092762172222, 'learning_rate': 1e-05, 'epoch': 0.34}
{'loss': 0.2108, 'grad_norm': 0.002891258802264929, 'learning_rate': 1e-05, 'epoch': 0.34}
{'loss': 0.1539, 'grad_norm': 32.61772537231445, 'learning_rate': 1e-05, 'epoch': 0.34}
{'loss': 0.1342, 'grad_norm': 71.92906951904297, 'learning_rate': 1e-05, 'epoch': 0.34}
{'loss': 0.2187, 'grad_norm': 24.602680206298828, 'learning_rate': 1e-05, 'epoch': 0.34}
{'loss': 0.1737, 'grad_norm': 3.62477493354163e-07, 'learning_rate': 1e-05, 'epoch': 0.35}
{'loss': 0.1948, 'grad_norm': 28.330039978027344, 'learning_rate': 1e-05, 'epoch': 0.35}
{'loss': 0.1429, 'grad_norm': 0.00015568526578135788, 'learning_rate': 1e-05, 'epoch': 0.35}
{'loss': 0.2392, 'grad_norm': 0.0031418309081345797, 'learning_rate': 1e-05, 'epoch': 0.35}
{'loss': 0.2108, 'grad_norm': 0.032225146889686584, 'learning_rate': 1e-05, 'epoch': 0.35}
{'loss': 0.2204, 'grad_norm': 25.177791595458984, 'learning_rate': 1e-05, 'epoch': 0.35}
{'loss': 0.2321, 'grad_norm': 0.016255931928753853, 'learning_rate': 1e-05, 'epoch': 0.35}
{'loss': 0.2786, 'grad_norm': 0.041854046285152435, 'learning_rate': 1e-05, 'epoch': 0.35}
{'loss': 0.3, 'grad_norm': 2.53578519821167, 'learning_rate': 1e-05, 'epoch': 0.35}
{'loss': 0.2057, 'grad_norm': 42.429569244384766, 'learning_rate': 1e-05, 'epoch': 0.35}
{'loss': 0.4066, 'grad_norm': 0.11541655659675598, 'learning_rate': 1e-05, 'epoch': 0.36}
{'loss': 0.1185, 'grad_norm': 16.657424926757812, 'learning_rate': 1e-05, 'epoch': 0.36}
{'loss': 0.2079, 'grad_norm': 1.2422869205474854, 'learning_rate': 1e-05, 'epoch': 0.36}
{'loss': 0.3872, 'grad_norm': 35.15174102783203, 'learning_rate': 1e-05, 'epoch': 0.36}
{'loss': 0.2422, 'grad_norm': 0.0003351692284923047, 'learning_rate': 1e-05, 'epoch': 0.36}
{'loss': 0.2779, 'grad_norm': 4.181669235229492, 'learning_rate': 1e-05, 'epoch': 0.36}
{'loss': 0.1158, 'grad_norm': 0.02425023727118969, 'learning_rate': 1e-05, 'epoch': 0.36}
{'loss': 0.2714, 'grad_norm': 0.0007595636998303235, 'learning_rate': 1e-05, 'epoch': 0.36}
{'loss': 0.1751, 'grad_norm': 0.6379115581512451, 'learning_rate': 1e-05, 'epoch': 0.36}
{'loss': 0.1952, 'grad_norm': 0.00034491802216507494, 'learning_rate': 1e-05, 'epoch': 0.36}
{'loss': 0.1566, 'grad_norm': 0.010155806317925453, 'learning_rate': 1e-05, 'epoch': 0.37}
{'loss': 0.1966, 'grad_norm': 4.89239312173595e-07, 'learning_rate': 1e-05, 'epoch': 0.37}
{'loss': 0.3256, 'grad_norm': 0.0001120377128245309, 'learning_rate': 1e-05, 'epoch': 0.37}
{'loss': 0.1528, 'grad_norm': 16.718669891357422, 'learning_rate': 1e-05, 'epoch': 0.37}
{'loss': 0.3324, 'grad_norm': 0.000528521544765681, 'learning_rate': 1e-05, 'epoch': 0.37}
{'loss': 0.2267, 'grad_norm': 14.071476936340332, 'learning_rate': 1e-05, 'epoch': 0.37}
{'loss': 0.2696, 'grad_norm': 0.0100831538438797, 'learning_rate': 1e-05, 'epoch': 0.37}
{'loss': 0.218, 'grad_norm': 0.0017241323366761208, 'learning_rate': 1e-05, 'epoch': 0.37}
{'loss': 0.2457, 'grad_norm': 0.00023383714142255485, 'learning_rate': 1e-05, 'epoch': 0.37}
{'loss': 0.1694, 'grad_norm': 19.357248306274414, 'learning_rate': 1e-05, 'epoch': 0.37}
{'loss': 0.2599, 'grad_norm': 36.26533508300781, 'learning_rate': 1e-05, 'epoch': 0.38}
{'loss': 0.1244, 'grad_norm': 4.6451983507722616e-05, 'learning_rate': 1e-05, 'epoch': 0.38}
{'loss': 0.2811, 'grad_norm': 4.393950462341309, 'learning_rate': 1e-05, 'epoch': 0.38}
{'loss': 0.2311, 'grad_norm': 0.00017356767784804106, 'learning_rate': 1e-05, 'epoch': 0.38}
{'loss': 0.1185, 'grad_norm': 0.06680759787559509, 'learning_rate': 1e-05, 'epoch': 0.38}
{'loss': 0.2074, 'grad_norm': 8.580404653457663e-08, 'learning_rate': 1e-05, 'epoch': 0.38}
{'loss': 0.3408, 'grad_norm': 110.18384552001953, 'learning_rate': 1e-05, 'epoch': 0.38}
{'loss': 0.1607, 'grad_norm': 1.462921682104934e-05, 'learning_rate': 1e-05, 'epoch': 0.38}
{'loss': 0.1691, 'grad_norm': 4.355652809143066, 'learning_rate': 1e-05, 'epoch': 0.38}
{'loss': 0.1591, 'grad_norm': 6.695907359244302e-05, 'learning_rate': 1e-05, 'epoch': 0.38}
{'loss': 0.1738, 'grad_norm': 5.314279405865818e-06, 'learning_rate': 1e-05, 'epoch': 0.39}
{'loss': 0.2107, 'grad_norm': 13.654969215393066, 'learning_rate': 1e-05, 'epoch': 0.39}
{'loss': 0.191, 'grad_norm': 1.8398312704448472e-06, 'learning_rate': 1e-05, 'epoch': 0.39}
{'loss': 0.1626, 'grad_norm': 0.0003433684178162366, 'learning_rate': 1e-05, 'epoch': 0.39}
{'loss': 0.2306, 'grad_norm': 0.6277684569358826, 'learning_rate': 1e-05, 'epoch': 0.39}
{'loss': 0.2244, 'grad_norm': 0.030378729104995728, 'learning_rate': 1e-05, 'epoch': 0.39}
{'loss': 0.2287, 'grad_norm': 0.013673721812665462, 'learning_rate': 1e-05, 'epoch': 0.39}
{'loss': 0.2374, 'grad_norm': 2.1438419935293496e-05, 'learning_rate': 1e-05, 'epoch': 0.39}
{'loss': 0.1763, 'grad_norm': 0.014121624641120434, 'learning_rate': 1e-05, 'epoch': 0.39}
{'loss': 0.2126, 'grad_norm': 0.1720348447561264, 'learning_rate': 1e-05, 'epoch': 0.39}
{'loss': 0.164, 'grad_norm': 0.6296624541282654, 'learning_rate': 1e-05, 'epoch': 0.4}
{'loss': 0.1689, 'grad_norm': 0.011373483575880527, 'learning_rate': 1e-05, 'epoch': 0.4}
{'loss': 0.2311, 'grad_norm': 0.05873551964759827, 'learning_rate': 1e-05, 'epoch': 0.4}
{'loss': 0.247, 'grad_norm': 0.00024740101071074605, 'learning_rate': 1e-05, 'epoch': 0.4}
{'loss': 0.2278, 'grad_norm': 50.2762565612793, 'learning_rate': 1e-05, 'epoch': 0.4}
{'loss': 0.1839, 'grad_norm': 45.83427047729492, 'learning_rate': 1e-05, 'epoch': 0.4}
{'loss': 0.1433, 'grad_norm': 0.03173833712935448, 'learning_rate': 1e-05, 'epoch': 0.4}
{'loss': 0.212, 'grad_norm': 12.147788047790527, 'learning_rate': 1e-05, 'epoch': 0.4}
{'loss': 0.1657, 'grad_norm': 1059.9913330078125, 'learning_rate': 1e-05, 'epoch': 0.4}
{'loss': 0.2111, 'grad_norm': 5.468092240334954e-06, 'learning_rate': 1e-05, 'epoch': 0.4}
{'loss': 0.151, 'grad_norm': 4.4356255531311035, 'learning_rate': 1e-05, 'epoch': 0.41}
{'loss': 0.1725, 'grad_norm': 31.88896942138672, 'learning_rate': 1e-05, 'epoch': 0.41}
{'loss': 0.1877, 'grad_norm': 40.67995071411133, 'learning_rate': 1e-05, 'epoch': 0.41}
{'loss': 0.2011, 'grad_norm': 0.03553308919072151, 'learning_rate': 1e-05, 'epoch': 0.41}
{'loss': 0.1659, 'grad_norm': 1.7092819689423777e-05, 'learning_rate': 1e-05, 'epoch': 0.41}
{'loss': 0.2166, 'grad_norm': 0.8736580610275269, 'learning_rate': 1e-05, 'epoch': 0.41}
{'loss': 0.2204, 'grad_norm': 4.318862438201904, 'learning_rate': 1e-05, 'epoch': 0.41}
{'loss': 0.2708, 'grad_norm': 0.00045157354907132685, 'learning_rate': 1e-05, 'epoch': 0.41}
{'loss': 0.1471, 'grad_norm': 2.260500907897949, 'learning_rate': 1e-05, 'epoch': 0.41}
{'loss': 0.3293, 'grad_norm': 4.437326908111572, 'learning_rate': 1e-05, 'epoch': 0.41}
{'loss': 0.2543, 'grad_norm': 0.014149335213005543, 'learning_rate': 1e-05, 'epoch': 0.42}
{'loss': 0.3104, 'grad_norm': 11.554121971130371, 'learning_rate': 1e-05, 'epoch': 0.42}
{'loss': 0.1872, 'grad_norm': 0.030982166528701782, 'learning_rate': 1e-05, 'epoch': 0.42}
{'loss': 0.2513, 'grad_norm': 0.009903320111334324, 'learning_rate': 1e-05, 'epoch': 0.42}
{'loss': 0.3934, 'grad_norm': 44.956050872802734, 'learning_rate': 1e-05, 'epoch': 0.42}
{'loss': 0.2018, 'grad_norm': 0.00032769047538749874, 'learning_rate': 1e-05, 'epoch': 0.42}
{'loss': 0.2016, 'grad_norm': 0.26107969880104065, 'learning_rate': 1e-05, 'epoch': 0.42}
{'loss': 0.2739, 'grad_norm': 5.3329487855080515e-05, 'learning_rate': 1e-05, 'epoch': 0.42}
{'loss': 0.2052, 'grad_norm': 0.23049293458461761, 'learning_rate': 1e-05, 'epoch': 0.42}
{'loss': 0.1908, 'grad_norm': 0.007704630959779024, 'learning_rate': 1e-05, 'epoch': 0.42}
{'loss': 0.1983, 'grad_norm': 1.6737210750579834, 'learning_rate': 1e-05, 'epoch': 0.43}
{'loss': 0.2503, 'grad_norm': 33.54396057128906, 'learning_rate': 1e-05, 'epoch': 0.43}
{'loss': 0.1164, 'grad_norm': 0.0009322293335571885, 'learning_rate': 1e-05, 'epoch': 0.43}
{'loss': 0.3477, 'grad_norm': 0.0015166442608460784, 'learning_rate': 1e-05, 'epoch': 0.43}
{'loss': 0.2172, 'grad_norm': 0.034265752881765366, 'learning_rate': 1e-05, 'epoch': 0.43}
{'loss': 0.255, 'grad_norm': 20.586503982543945, 'learning_rate': 1e-05, 'epoch': 0.43}
{'loss': 0.2617, 'grad_norm': 3.4300959669053555e-05, 'learning_rate': 1e-05, 'epoch': 0.43}
{'loss': 0.2006, 'grad_norm': 0.6748033165931702, 'learning_rate': 1e-05, 'epoch': 0.43}
{'loss': 0.1259, 'grad_norm': 1.889588384074159e-05, 'learning_rate': 1e-05, 'epoch': 0.43}
{'loss': 0.1566, 'grad_norm': 30.898229598999023, 'learning_rate': 1e-05, 'epoch': 0.43}
{'loss': 0.0872, 'grad_norm': 0.0002505592710804194, 'learning_rate': 1e-05, 'epoch': 0.44}
{'loss': 0.2562, 'grad_norm': 1.2756315470596746e-07, 'learning_rate': 1e-05, 'epoch': 0.44}
{'loss': 0.2413, 'grad_norm': 0.020661281421780586, 'learning_rate': 1e-05, 'epoch': 0.44}
{'loss': 0.1532, 'grad_norm': 1.0472298299646354e-06, 'learning_rate': 1e-05, 'epoch': 0.44}
{'loss': 0.4199, 'grad_norm': 0.04188448563218117, 'learning_rate': 1e-05, 'epoch': 0.44}
{'loss': 0.2454, 'grad_norm': 0.0020158085972070694, 'learning_rate': 1e-05, 'epoch': 0.44}
{'loss': 0.1647, 'grad_norm': 40.638980865478516, 'learning_rate': 1e-05, 'epoch': 0.44}
{'loss': 0.1418, 'grad_norm': 0.01171158067882061, 'learning_rate': 1e-05, 'epoch': 0.44}
{'loss': 0.1687, 'grad_norm': 0.02361341193318367, 'learning_rate': 1e-05, 'epoch': 0.44}
{'loss': 0.1483, 'grad_norm': 0.7401854991912842, 'learning_rate': 1e-05, 'epoch': 0.44}
{'loss': 0.173, 'grad_norm': 0.00044198002433404326, 'learning_rate': 1e-05, 'epoch': 0.45}
{'loss': 0.2042, 'grad_norm': 1.0814769666467328e-06, 'learning_rate': 1e-05, 'epoch': 0.45}
{'loss': 0.2054, 'grad_norm': 0.0032576906960457563, 'learning_rate': 1e-05, 'epoch': 0.45}
{'loss': 0.1146, 'grad_norm': 0.003997489344328642, 'learning_rate': 1e-05, 'epoch': 0.45}
{'loss': 0.3584, 'grad_norm': 38.07611846923828, 'learning_rate': 1e-05, 'epoch': 0.45}
{'loss': 0.1886, 'grad_norm': 0.00011843205720651895, 'learning_rate': 1e-05, 'epoch': 0.45}
{'loss': 0.2921, 'grad_norm': 0.006659317761659622, 'learning_rate': 1e-05, 'epoch': 0.45}
{'loss': 0.2035, 'grad_norm': 0.1851174682378769, 'learning_rate': 1e-05, 'epoch': 0.45}
{'loss': 0.2439, 'grad_norm': 0.0005322931101545691, 'learning_rate': 1e-05, 'epoch': 0.45}
{'loss': 0.1653, 'grad_norm': 4.7594475746154785, 'learning_rate': 1e-05, 'epoch': 0.45}
{'loss': 0.1891, 'grad_norm': 0.0005104361334815621, 'learning_rate': 1e-05, 'epoch': 0.46}
{'loss': 0.2141, 'grad_norm': 0.00026712389080785215, 'learning_rate': 1e-05, 'epoch': 0.46}
{'loss': 0.0909, 'grad_norm': 8.736799240112305, 'learning_rate': 1e-05, 'epoch': 0.46}
{'loss': 0.1312, 'grad_norm': 2.25605845451355, 'learning_rate': 1e-05, 'epoch': 0.46}
{'loss': 0.1763, 'grad_norm': 1.7186113154821214e-07, 'learning_rate': 1e-05, 'epoch': 0.46}
{'loss': 0.2506, 'grad_norm': 14.596766471862793, 'learning_rate': 1e-05, 'epoch': 0.46}
{'loss': 0.232, 'grad_norm': 0.0033749151043593884, 'learning_rate': 1e-05, 'epoch': 0.46}
{'loss': 0.2112, 'grad_norm': 0.0010557783534750342, 'learning_rate': 1e-05, 'epoch': 0.46}
{'loss': 0.1518, 'grad_norm': 0.03348495811223984, 'learning_rate': 1e-05, 'epoch': 0.46}
{'loss': 0.2401, 'grad_norm': 0.002992070047184825, 'learning_rate': 1e-05, 'epoch': 0.46}
{'loss': 0.1732, 'grad_norm': 0.0003013465029653162, 'learning_rate': 1e-05, 'epoch': 0.47}
{'loss': 0.1371, 'grad_norm': 0.003062573028728366, 'learning_rate': 1e-05, 'epoch': 0.47}
{'loss': 0.1733, 'grad_norm': 0.006850661244243383, 'learning_rate': 1e-05, 'epoch': 0.47}
{'loss': 0.1129, 'grad_norm': 27.705781936645508, 'learning_rate': 1e-05, 'epoch': 0.47}
{'loss': 0.2468, 'grad_norm': 38.65327453613281, 'learning_rate': 1e-05, 'epoch': 0.47}
{'loss': 0.1817, 'grad_norm': 13.327813148498535, 'learning_rate': 1e-05, 'epoch': 0.47}
{'loss': 0.0894, 'grad_norm': 0.1609918624162674, 'learning_rate': 1e-05, 'epoch': 0.47}
{'loss': 0.1951, 'grad_norm': 28.8489990234375, 'learning_rate': 1e-05, 'epoch': 0.47}
{'loss': 0.3032, 'grad_norm': 0.6825487017631531, 'learning_rate': 1e-05, 'epoch': 0.47}
{'loss': 0.1562, 'grad_norm': 0.08352148532867432, 'learning_rate': 1e-05, 'epoch': 0.47}
{'loss': 0.1364, 'grad_norm': 16.10976219177246, 'learning_rate': 1e-05, 'epoch': 0.48}
{'loss': 0.1838, 'grad_norm': 0.005529704503715038, 'learning_rate': 1e-05, 'epoch': 0.48}
{'loss': 0.085, 'grad_norm': 0.00023376315948553383, 'learning_rate': 1e-05, 'epoch': 0.48}
{'loss': 0.2104, 'grad_norm': 0.010615954175591469, 'learning_rate': 1e-05, 'epoch': 0.48}
{'loss': 0.3037, 'grad_norm': 0.9023235440254211, 'learning_rate': 1e-05, 'epoch': 0.48}
{'loss': 0.1796, 'grad_norm': 0.5263487696647644, 'learning_rate': 1e-05, 'epoch': 0.48}
{'loss': 0.2216, 'grad_norm': 0.03471432626247406, 'learning_rate': 1e-05, 'epoch': 0.48}
{'loss': 0.1285, 'grad_norm': 4.201774572720751e-05, 'learning_rate': 1e-05, 'epoch': 0.48}
{'loss': 0.1699, 'grad_norm': 31.709516525268555, 'learning_rate': 1e-05, 'epoch': 0.48}
{'loss': 0.1351, 'grad_norm': 0.0008919859537854791, 'learning_rate': 1e-05, 'epoch': 0.48}
{'loss': 0.3212, 'grad_norm': 35.32524490356445, 'learning_rate': 1e-05, 'epoch': 0.49}
{'loss': 0.1853, 'grad_norm': 1.1878400982823223e-05, 'learning_rate': 1e-05, 'epoch': 0.49}
{'loss': 0.165, 'grad_norm': 23.237150192260742, 'learning_rate': 1e-05, 'epoch': 0.49}
{'loss': 0.2131, 'grad_norm': 0.00030645966762676835, 'learning_rate': 1e-05, 'epoch': 0.49}
{'loss': 0.2486, 'grad_norm': 17.361003875732422, 'learning_rate': 1e-05, 'epoch': 0.49}
{'loss': 0.1596, 'grad_norm': 1.39541016324074e-05, 'learning_rate': 1e-05, 'epoch': 0.49}
{'loss': 0.1856, 'grad_norm': 23.027667999267578, 'learning_rate': 1e-05, 'epoch': 0.49}
{'loss': 0.2045, 'grad_norm': 0.0015103708719834685, 'learning_rate': 1e-05, 'epoch': 0.49}
{'loss': 0.2811, 'grad_norm': 1.1618547439575195, 'learning_rate': 1e-05, 'epoch': 0.49}
{'loss': 0.1269, 'grad_norm': 3.869025022140704e-05, 'learning_rate': 1e-05, 'epoch': 0.49}
{'loss': 0.1709, 'grad_norm': 4.01624870300293, 'learning_rate': 1e-05, 'epoch': 0.5}
{'loss': 0.1229, 'grad_norm': 21.1956729888916, 'learning_rate': 1e-05, 'epoch': 0.5}
{'loss': 0.1929, 'grad_norm': 33.51238250732422, 'learning_rate': 1e-05, 'epoch': 0.5}
{'loss': 0.1233, 'grad_norm': 7.411917209625244, 'learning_rate': 1e-05, 'epoch': 0.5}
{'loss': 0.0945, 'grad_norm': 3.7199063301086426, 'learning_rate': 1e-05, 'epoch': 0.5}
{'loss': 0.1333, 'grad_norm': 60.179996490478516, 'learning_rate': 1e-05, 'epoch': 0.5}
{'loss': 0.2636, 'grad_norm': 3.503706693649292, 'learning_rate': 1e-05, 'epoch': 0.5}
{'loss': 0.1568, 'grad_norm': 0.003197726793587208, 'learning_rate': 1e-05, 'epoch': 0.5}
{'loss': 0.3024, 'grad_norm': 0.0704524889588356, 'learning_rate': 1e-05, 'epoch': 0.5}
{'loss': 0.2233, 'grad_norm': 0.00012317966320551932, 'learning_rate': 1e-05, 'epoch': 0.5}
{'loss': 0.1144, 'grad_norm': 9.193021774291992, 'learning_rate': 1e-05, 'epoch': 0.51}
{'loss': 0.1873, 'grad_norm': 8.095857620239258, 'learning_rate': 1e-05, 'epoch': 0.51}
{'loss': 0.1846, 'grad_norm': 0.003227205714210868, 'learning_rate': 1e-05, 'epoch': 0.51}
{'loss': 0.1718, 'grad_norm': 0.3689170479774475, 'learning_rate': 1e-05, 'epoch': 0.51}
{'loss': 0.1809, 'grad_norm': 8.267542398243677e-06, 'learning_rate': 1e-05, 'epoch': 0.51}
{'loss': 0.2598, 'grad_norm': 32.227325439453125, 'learning_rate': 1e-05, 'epoch': 0.51}
{'loss': 0.086, 'grad_norm': 0.7437076568603516, 'learning_rate': 1e-05, 'epoch': 0.51}
{'loss': 0.3052, 'grad_norm': 48.31613540649414, 'learning_rate': 1e-05, 'epoch': 0.51}
{'loss': 0.143, 'grad_norm': 4.991388320922852, 'learning_rate': 1e-05, 'epoch': 0.51}
{'loss': 0.2047, 'grad_norm': 8.508975982666016, 'learning_rate': 1e-05, 'epoch': 0.51}
{'loss': 0.1236, 'grad_norm': 1.8733760953182355e-05, 'learning_rate': 1e-05, 'epoch': 0.52}
{'loss': 0.1427, 'grad_norm': 0.3264894485473633, 'learning_rate': 1e-05, 'epoch': 0.52}
{'loss': 0.1239, 'grad_norm': 5.918418884277344, 'learning_rate': 1e-05, 'epoch': 0.52}
{'loss': 0.254, 'grad_norm': 3.6901516914367676, 'learning_rate': 1e-05, 'epoch': 0.52}
{'loss': 0.2716, 'grad_norm': 0.0001020509225782007, 'learning_rate': 1e-05, 'epoch': 0.52}
{'loss': 0.1073, 'grad_norm': 0.024081988260149956, 'learning_rate': 1e-05, 'epoch': 0.52}
{'loss': 0.1645, 'grad_norm': 0.20702703297138214, 'learning_rate': 1e-05, 'epoch': 0.52}
{'loss': 0.2853, 'grad_norm': 0.017698876559734344, 'learning_rate': 1e-05, 'epoch': 0.52}
{'loss': 0.2202, 'grad_norm': 0.0007031659479252994, 'learning_rate': 1e-05, 'epoch': 0.52}
{'loss': 0.1371, 'grad_norm': 24.824941635131836, 'learning_rate': 1e-05, 'epoch': 0.52}
{'loss': 0.1513, 'grad_norm': 0.0013359872391447425, 'learning_rate': 1e-05, 'epoch': 0.53}
{'loss': 0.2994, 'grad_norm': 0.06112147867679596, 'learning_rate': 1e-05, 'epoch': 0.53}
{'loss': 0.1291, 'grad_norm': 19.894804000854492, 'learning_rate': 1e-05, 'epoch': 0.53}
{'loss': 0.2018, 'grad_norm': 3.6410842767509166e-06, 'learning_rate': 1e-05, 'epoch': 0.53}
{'loss': 0.245, 'grad_norm': 0.02898542955517769, 'learning_rate': 1e-05, 'epoch': 0.53}
{'loss': 0.2481, 'grad_norm': 55.20118713378906, 'learning_rate': 1e-05, 'epoch': 0.53}
{'loss': 0.1895, 'grad_norm': 0.04240283742547035, 'learning_rate': 1e-05, 'epoch': 0.53}
{'loss': 0.115, 'grad_norm': 0.008177894167602062, 'learning_rate': 1e-05, 'epoch': 0.53}
{'loss': 0.2041, 'grad_norm': 1.2085914611816406, 'learning_rate': 1e-05, 'epoch': 0.53}
{'loss': 0.2874, 'grad_norm': 0.12946155667304993, 'learning_rate': 1e-05, 'epoch': 0.53}
{'loss': 0.1497, 'grad_norm': 0.836916983127594, 'learning_rate': 1e-05, 'epoch': 0.54}
{'loss': 0.139, 'grad_norm': 5.456146482174518e-06, 'learning_rate': 1e-05, 'epoch': 0.54}
{'loss': 0.1681, 'grad_norm': 0.0018621358321979642, 'learning_rate': 1e-05, 'epoch': 0.54}
{'loss': 0.2327, 'grad_norm': 0.01757613755762577, 'learning_rate': 1e-05, 'epoch': 0.54}
{'loss': 0.2619, 'grad_norm': 0.006713281385600567, 'learning_rate': 1e-05, 'epoch': 0.54}
{'loss': 0.1481, 'grad_norm': 0.02048650197684765, 'learning_rate': 1e-05, 'epoch': 0.54}
{'loss': 0.1358, 'grad_norm': 63.579158782958984, 'learning_rate': 1e-05, 'epoch': 0.54}
{'loss': 0.1204, 'grad_norm': 7.329868094529957e-05, 'learning_rate': 1e-05, 'epoch': 0.54}
{'loss': 0.1379, 'grad_norm': 0.002201794646680355, 'learning_rate': 1e-05, 'epoch': 0.54}
{'loss': 0.2312, 'grad_norm': 9.74690055847168, 'learning_rate': 1e-05, 'epoch': 0.54}
{'loss': 0.1486, 'grad_norm': 8.078758924057183e-07, 'learning_rate': 1e-05, 'epoch': 0.55}
{'loss': 0.1001, 'grad_norm': 0.4383102059364319, 'learning_rate': 1e-05, 'epoch': 0.55}
{'loss': 0.1501, 'grad_norm': 6.988887310028076, 'learning_rate': 1e-05, 'epoch': 0.55}
{'loss': 0.0736, 'grad_norm': 0.013076999224722385, 'learning_rate': 1e-05, 'epoch': 0.55}
{'loss': 0.1541, 'grad_norm': 9.686957491794601e-05, 'learning_rate': 1e-05, 'epoch': 0.55}
{'loss': 0.168, 'grad_norm': 27.104124069213867, 'learning_rate': 1e-05, 'epoch': 0.55}
{'loss': 0.2265, 'grad_norm': 30.477968215942383, 'learning_rate': 1e-05, 'epoch': 0.55}
{'loss': 0.225, 'grad_norm': 0.42156001925468445, 'learning_rate': 1e-05, 'epoch': 0.55}
{'loss': 0.2495, 'grad_norm': 26.2023983001709, 'learning_rate': 1e-05, 'epoch': 0.55}
{'loss': 0.1586, 'grad_norm': 28.78883171081543, 'learning_rate': 1e-05, 'epoch': 0.55}
{'loss': 0.2478, 'grad_norm': 0.0005438145599327981, 'learning_rate': 1e-05, 'epoch': 0.56}
{'loss': 0.1735, 'grad_norm': 31.040626525878906, 'learning_rate': 1e-05, 'epoch': 0.56}
{'loss': 0.2158, 'grad_norm': 0.0019012372940778732, 'learning_rate': 1e-05, 'epoch': 0.56}
{'loss': 0.1574, 'grad_norm': 0.06078029051423073, 'learning_rate': 1e-05, 'epoch': 0.56}
{'loss': 0.1773, 'grad_norm': 36.94654083251953, 'learning_rate': 1e-05, 'epoch': 0.56}
{'loss': 0.0834, 'grad_norm': 1.1322306394577026, 'learning_rate': 1e-05, 'epoch': 0.56}
{'loss': 0.1504, 'grad_norm': 0.014504656195640564, 'learning_rate': 1e-05, 'epoch': 0.56}
{'loss': 0.1459, 'grad_norm': 1.7221429516212083e-05, 'learning_rate': 1e-05, 'epoch': 0.56}
{'loss': 0.2316, 'grad_norm': 18.655805587768555, 'learning_rate': 1e-05, 'epoch': 0.56}
{'loss': 0.1302, 'grad_norm': 0.1442113220691681, 'learning_rate': 1e-05, 'epoch': 0.56}
{'loss': 0.1759, 'grad_norm': 0.00010869625839404762, 'learning_rate': 1e-05, 'epoch': 0.57}
{'loss': 0.2571, 'grad_norm': 7.550732135772705, 'learning_rate': 1e-05, 'epoch': 0.57}
{'loss': 0.2466, 'grad_norm': 0.2919200360774994, 'learning_rate': 1e-05, 'epoch': 0.57}
{'loss': 0.1186, 'grad_norm': 17.437131881713867, 'learning_rate': 1e-05, 'epoch': 0.57}
{'loss': 0.1954, 'grad_norm': 0.0019960675854235888, 'learning_rate': 1e-05, 'epoch': 0.57}
{'loss': 0.1029, 'grad_norm': 0.3892602026462555, 'learning_rate': 1e-05, 'epoch': 0.57}
{'loss': 0.2937, 'grad_norm': 0.013598399236798286, 'learning_rate': 1e-05, 'epoch': 0.57}
{'loss': 0.1772, 'grad_norm': 22.440067291259766, 'learning_rate': 1e-05, 'epoch': 0.57}
{'loss': 0.0895, 'grad_norm': 0.010546140372753143, 'learning_rate': 1e-05, 'epoch': 0.57}
{'loss': 0.0924, 'grad_norm': 0.032380200922489166, 'learning_rate': 1e-05, 'epoch': 0.57}
{'loss': 0.2106, 'grad_norm': 0.020605245605111122, 'learning_rate': 1e-05, 'epoch': 0.58}
{'loss': 0.073, 'grad_norm': 0.0008599598659202456, 'learning_rate': 1e-05, 'epoch': 0.58}
{'loss': 0.289, 'grad_norm': 0.001143773552030325, 'learning_rate': 1e-05, 'epoch': 0.58}
{'loss': 0.1637, 'grad_norm': 58.58238983154297, 'learning_rate': 1e-05, 'epoch': 0.58}
{'loss': 0.2393, 'grad_norm': 0.0030495489481836557, 'learning_rate': 1e-05, 'epoch': 0.58}
{'loss': 0.1646, 'grad_norm': 0.5339176654815674, 'learning_rate': 1e-05, 'epoch': 0.58}
{'loss': 0.1918, 'grad_norm': 11.617755889892578, 'learning_rate': 1e-05, 'epoch': 0.58}
{'loss': 0.1439, 'grad_norm': 0.003289220156148076, 'learning_rate': 1e-05, 'epoch': 0.58}
{'loss': 0.2496, 'grad_norm': 33.48345947265625, 'learning_rate': 1e-05, 'epoch': 0.58}
{'loss': 0.2335, 'grad_norm': 13.321877479553223, 'learning_rate': 1e-05, 'epoch': 0.58}
{'loss': 0.1928, 'grad_norm': 0.0001428036775905639, 'learning_rate': 1e-05, 'epoch': 0.59}
{'loss': 0.2462, 'grad_norm': 0.0001062626761267893, 'learning_rate': 1e-05, 'epoch': 0.59}
{'loss': 0.2172, 'grad_norm': 1.6733077764511108, 'learning_rate': 1e-05, 'epoch': 0.59}
{'loss': 0.2436, 'grad_norm': 0.9381579160690308, 'learning_rate': 1e-05, 'epoch': 0.59}
{'loss': 0.23, 'grad_norm': 29.35674285888672, 'learning_rate': 1e-05, 'epoch': 0.59}
{'loss': 0.0839, 'grad_norm': 0.0004989709123037755, 'learning_rate': 1e-05, 'epoch': 0.59}
{'loss': 0.1679, 'grad_norm': 0.0009597583557479084, 'learning_rate': 1e-05, 'epoch': 0.59}
{'loss': 0.303, 'grad_norm': 1.604778528213501, 'learning_rate': 1e-05, 'epoch': 0.59}
{'loss': 0.2112, 'grad_norm': 29.122364044189453, 'learning_rate': 1e-05, 'epoch': 0.59}
{'loss': 0.2398, 'grad_norm': 14.581865310668945, 'learning_rate': 1e-05, 'epoch': 0.59}
{'loss': 0.318, 'grad_norm': 8.330418495461345e-06, 'learning_rate': 1e-05, 'epoch': 0.6}
{'loss': 0.1764, 'grad_norm': 0.041182633489370346, 'learning_rate': 1e-05, 'epoch': 0.6}
{'loss': 0.1799, 'grad_norm': 38.401798248291016, 'learning_rate': 1e-05, 'epoch': 0.6}
{'loss': 0.156, 'grad_norm': 4.972309852746548e-06, 'learning_rate': 1e-05, 'epoch': 0.6}
{'loss': 0.3081, 'grad_norm': 7.5037431716918945, 'learning_rate': 1e-05, 'epoch': 0.6}
{'loss': 0.1573, 'grad_norm': 1.7106536626815796, 'learning_rate': 1e-05, 'epoch': 0.6}
{'loss': 0.1236, 'grad_norm': 0.06264465302228928, 'learning_rate': 1e-05, 'epoch': 0.6}
{'loss': 0.0853, 'grad_norm': 0.020247947424650192, 'learning_rate': 1e-05, 'epoch': 0.6}
{'loss': 0.1352, 'grad_norm': 0.0009293570183217525, 'learning_rate': 1e-05, 'epoch': 0.6}
{'loss': 0.2477, 'grad_norm': 0.0005657170549966395, 'learning_rate': 1e-05, 'epoch': 0.6}
{'loss': 0.2477, 'grad_norm': 0.9602475762367249, 'learning_rate': 1e-05, 'epoch': 0.61}
{'loss': 0.1514, 'grad_norm': 3.7861623764038086, 'learning_rate': 1e-05, 'epoch': 0.61}
{'loss': 0.1937, 'grad_norm': 0.04711080715060234, 'learning_rate': 1e-05, 'epoch': 0.61}
{'loss': 0.1772, 'grad_norm': 2.4365001081605442e-05, 'learning_rate': 1e-05, 'epoch': 0.61}
{'loss': 0.1612, 'grad_norm': 27.07314109802246, 'learning_rate': 1e-05, 'epoch': 0.61}
{'loss': 0.2239, 'grad_norm': 9.4490966796875, 'learning_rate': 1e-05, 'epoch': 0.61}
{'loss': 0.1059, 'grad_norm': 0.00015994727436918765, 'learning_rate': 1e-05, 'epoch': 0.61}
{'loss': 0.0804, 'grad_norm': 0.00010170448513235897, 'learning_rate': 1e-05, 'epoch': 0.61}
{'loss': 0.1582, 'grad_norm': 0.2679577171802521, 'learning_rate': 1e-05, 'epoch': 0.61}
{'loss': 0.1214, 'grad_norm': 8.113822332234122e-06, 'learning_rate': 1e-05, 'epoch': 0.61}
{'loss': 0.1115, 'grad_norm': 6.335677608149126e-05, 'learning_rate': 1e-05, 'epoch': 0.61}
{'loss': 0.178, 'grad_norm': 3.458979368209839, 'learning_rate': 1e-05, 'epoch': 0.62}
{'loss': 0.164, 'grad_norm': 0.0008564472082071006, 'learning_rate': 1e-05, 'epoch': 0.62}
{'loss': 0.2368, 'grad_norm': 0.09978989511728287, 'learning_rate': 1e-05, 'epoch': 0.62}
{'loss': 0.151, 'grad_norm': 1.2787139415740967, 'learning_rate': 1e-05, 'epoch': 0.62}
{'loss': 0.2173, 'grad_norm': 0.0006290892488323152, 'learning_rate': 1e-05, 'epoch': 0.62}
{'loss': 0.1133, 'grad_norm': 0.47547072172164917, 'learning_rate': 1e-05, 'epoch': 0.62}
{'loss': 0.251, 'grad_norm': 0.01542829442769289, 'learning_rate': 1e-05, 'epoch': 0.62}
{'loss': 0.1802, 'grad_norm': 5.939755439758301, 'learning_rate': 1e-05, 'epoch': 0.62}
{'loss': 0.1862, 'grad_norm': 0.39579498767852783, 'learning_rate': 1e-05, 'epoch': 0.62}
{'loss': 0.2033, 'grad_norm': 0.0012304139090701938, 'learning_rate': 1e-05, 'epoch': 0.62}
{'loss': 0.2157, 'grad_norm': 38.04315948486328, 'learning_rate': 1e-05, 'epoch': 0.63}
{'loss': 0.2437, 'grad_norm': 0.0005395666812546551, 'learning_rate': 1e-05, 'epoch': 0.63}
{'loss': 0.1962, 'grad_norm': 40.26115036010742, 'learning_rate': 1e-05, 'epoch': 0.63}
{'loss': 0.201, 'grad_norm': 0.08112340420484543, 'learning_rate': 1e-05, 'epoch': 0.63}
{'loss': 0.1332, 'grad_norm': 2.3620047569274902, 'learning_rate': 1e-05, 'epoch': 0.63}
{'loss': 0.2315, 'grad_norm': 3.8812846469227225e-05, 'learning_rate': 1e-05, 'epoch': 0.63}
{'loss': 0.1931, 'grad_norm': 8.033308982849121, 'learning_rate': 1e-05, 'epoch': 0.63}
{'loss': 0.4058, 'grad_norm': 0.4958457946777344, 'learning_rate': 1e-05, 'epoch': 0.63}
{'loss': 0.2685, 'grad_norm': 13.350107192993164, 'learning_rate': 1e-05, 'epoch': 0.63}
{'loss': 0.2448, 'grad_norm': 0.0004178675590083003, 'learning_rate': 1e-05, 'epoch': 0.63}
{'loss': 0.1859, 'grad_norm': 3.1217522621154785, 'learning_rate': 1e-05, 'epoch': 0.64}
{'loss': 0.1838, 'grad_norm': 0.675425112247467, 'learning_rate': 1e-05, 'epoch': 0.64}
{'loss': 0.2311, 'grad_norm': 9.26312441151822e-06, 'learning_rate': 1e-05, 'epoch': 0.64}
{'loss': 0.1727, 'grad_norm': 0.0014105761656537652, 'learning_rate': 1e-05, 'epoch': 0.64}
{'loss': 0.2715, 'grad_norm': 5.877512454986572, 'learning_rate': 1e-05, 'epoch': 0.64}
{'loss': 0.1748, 'grad_norm': 0.00012486509513109922, 'learning_rate': 1e-05, 'epoch': 0.64}
{'loss': 0.1044, 'grad_norm': 1.2957442998886108, 'learning_rate': 1e-05, 'epoch': 0.64}
{'loss': 0.0952, 'grad_norm': 30.692283630371094, 'learning_rate': 1e-05, 'epoch': 0.64}
{'loss': 0.1886, 'grad_norm': 0.34896746277809143, 'learning_rate': 1e-05, 'epoch': 0.64}
{'loss': 0.177, 'grad_norm': 0.08842240273952484, 'learning_rate': 1e-05, 'epoch': 0.64}
{'loss': 0.1239, 'grad_norm': 0.00023708053049631417, 'learning_rate': 1e-05, 'epoch': 0.65}
{'loss': 0.1483, 'grad_norm': 9.33211936171574e-07, 'learning_rate': 1e-05, 'epoch': 0.65}
{'loss': 0.2637, 'grad_norm': 13.668503761291504, 'learning_rate': 1e-05, 'epoch': 0.65}
{'loss': 0.0697, 'grad_norm': 0.0003803412546403706, 'learning_rate': 1e-05, 'epoch': 0.65}
{'loss': 0.1749, 'grad_norm': 2.931115341198165e-05, 'learning_rate': 1e-05, 'epoch': 0.65}
{'loss': 0.1898, 'grad_norm': 0.0038102150429040194, 'learning_rate': 1e-05, 'epoch': 0.65}
{'loss': 0.111, 'grad_norm': 0.0006135005387477577, 'learning_rate': 1e-05, 'epoch': 0.65}
{'loss': 0.1417, 'grad_norm': 0.0033817519433796406, 'learning_rate': 1e-05, 'epoch': 0.65}
{'loss': 0.1219, 'grad_norm': 47.10895919799805, 'learning_rate': 1e-05, 'epoch': 0.65}
{'loss': 0.095, 'grad_norm': 0.0007150191231630743, 'learning_rate': 1e-05, 'epoch': 0.65}
{'loss': 0.2185, 'grad_norm': 0.00010234482033411041, 'learning_rate': 1e-05, 'epoch': 0.66}
{'loss': 0.2414, 'grad_norm': 0.012129836715757847, 'learning_rate': 1e-05, 'epoch': 0.66}
{'loss': 0.1095, 'grad_norm': 6.040251719241496e-06, 'learning_rate': 1e-05, 'epoch': 0.66}
{'loss': 0.348, 'grad_norm': 0.001588714076206088, 'learning_rate': 1e-05, 'epoch': 0.66}
{'loss': 0.2789, 'grad_norm': 0.695360004901886, 'learning_rate': 1e-05, 'epoch': 0.66}
{'loss': 0.1922, 'grad_norm': 0.35139063000679016, 'learning_rate': 1e-05, 'epoch': 0.66}
{'loss': 0.2975, 'grad_norm': 10.794037818908691, 'learning_rate': 1e-05, 'epoch': 0.66}
{'loss': 0.1434, 'grad_norm': 29.759252548217773, 'learning_rate': 1e-05, 'epoch': 0.66}
{'loss': 0.2168, 'grad_norm': 0.2144300937652588, 'learning_rate': 1e-05, 'epoch': 0.66}
{'loss': 0.1778, 'grad_norm': 0.0009883855236694217, 'learning_rate': 1e-05, 'epoch': 0.66}
{'loss': 0.1863, 'grad_norm': 0.004303715657442808, 'learning_rate': 1e-05, 'epoch': 0.67}
{'loss': 0.1722, 'grad_norm': 10.32490062713623, 'learning_rate': 1e-05, 'epoch': 0.67}
{'loss': 0.2223, 'grad_norm': 0.003280265722423792, 'learning_rate': 1e-05, 'epoch': 0.67}
{'loss': 0.1782, 'grad_norm': 1.8827131498255767e-05, 'learning_rate': 1e-05, 'epoch': 0.67}
{'loss': 0.1628, 'grad_norm': 3.529476452968083e-05, 'learning_rate': 1e-05, 'epoch': 0.67}
{'loss': 0.1992, 'grad_norm': 0.0007595267379656434, 'learning_rate': 1e-05, 'epoch': 0.67}
{'loss': 0.169, 'grad_norm': 6.681040758849122e-06, 'learning_rate': 1e-05, 'epoch': 0.67}
{'loss': 0.0892, 'grad_norm': 0.144326850771904, 'learning_rate': 1e-05, 'epoch': 0.67}
{'loss': 0.2099, 'grad_norm': 0.10315191745758057, 'learning_rate': 1e-05, 'epoch': 0.67}
{'loss': 0.1395, 'grad_norm': 6.693842919958115e-07, 'learning_rate': 1e-05, 'epoch': 0.67}
{'loss': 0.2025, 'grad_norm': 0.5991913676261902, 'learning_rate': 1e-05, 'epoch': 0.68}
{'loss': 0.0629, 'grad_norm': 8.5137939453125, 'learning_rate': 1e-05, 'epoch': 0.68}
{'loss': 0.1899, 'grad_norm': 9.573259012540802e-05, 'learning_rate': 1e-05, 'epoch': 0.68}
{'loss': 0.2384, 'grad_norm': 0.05424036458134651, 'learning_rate': 1e-05, 'epoch': 0.68}
{'loss': 0.1118, 'grad_norm': 4.46750020980835, 'learning_rate': 1e-05, 'epoch': 0.68}
{'loss': 0.2644, 'grad_norm': 0.3117031157016754, 'learning_rate': 1e-05, 'epoch': 0.68}
{'loss': 0.1761, 'grad_norm': 17.144495010375977, 'learning_rate': 1e-05, 'epoch': 0.68}
{'loss': 0.1213, 'grad_norm': 0.357243150472641, 'learning_rate': 1e-05, 'epoch': 0.68}
{'loss': 0.2317, 'grad_norm': 0.4741816222667694, 'learning_rate': 1e-05, 'epoch': 0.68}
{'loss': 0.3248, 'grad_norm': 11.513904571533203, 'learning_rate': 1e-05, 'epoch': 0.68}
{'loss': 0.2133, 'grad_norm': 0.45481953024864197, 'learning_rate': 1e-05, 'epoch': 0.69}
{'loss': 0.1838, 'grad_norm': 0.002649126574397087, 'learning_rate': 1e-05, 'epoch': 0.69}
{'loss': 0.2103, 'grad_norm': 0.0006046401103958488, 'learning_rate': 1e-05, 'epoch': 0.69}
{'loss': 0.1775, 'grad_norm': 38.30191421508789, 'learning_rate': 1e-05, 'epoch': 0.69}
{'loss': 0.1389, 'grad_norm': 4.1952807805500925e-06, 'learning_rate': 1e-05, 'epoch': 0.69}
{'loss': 0.1707, 'grad_norm': 2.4509234208380803e-05, 'learning_rate': 1e-05, 'epoch': 0.69}
{'loss': 0.1213, 'grad_norm': 5.5001004511723295e-05, 'learning_rate': 1e-05, 'epoch': 0.69}
{'loss': 0.1829, 'grad_norm': 0.00022136290499474853, 'learning_rate': 1e-05, 'epoch': 0.69}
{'loss': 0.0969, 'grad_norm': 23.272069931030273, 'learning_rate': 1e-05, 'epoch': 0.69}
{'loss': 0.1544, 'grad_norm': 4.606236457824707, 'learning_rate': 1e-05, 'epoch': 0.69}
{'loss': 0.1537, 'grad_norm': 7.553357124328613, 'learning_rate': 1e-05, 'epoch': 0.7}
{'loss': 0.149, 'grad_norm': 2.023211717605591, 'learning_rate': 1e-05, 'epoch': 0.7}
{'loss': 0.1842, 'grad_norm': 4.969494057149859e-06, 'learning_rate': 1e-05, 'epoch': 0.7}
{'loss': 0.2805, 'grad_norm': 1.2903639078140259, 'learning_rate': 1e-05, 'epoch': 0.7}
{'loss': 0.182, 'grad_norm': 1.5601372069795616e-05, 'learning_rate': 1e-05, 'epoch': 0.7}
{'loss': 0.2078, 'grad_norm': 0.0004503641393966973, 'learning_rate': 1e-05, 'epoch': 0.7}
{'loss': 0.1778, 'grad_norm': 0.09386710822582245, 'learning_rate': 1e-05, 'epoch': 0.7}
{'loss': 0.139, 'grad_norm': 8.068097114562988, 'learning_rate': 1e-05, 'epoch': 0.7}
{'loss': 0.2171, 'grad_norm': 11.401966094970703, 'learning_rate': 1e-05, 'epoch': 0.7}
{'loss': 0.1565, 'grad_norm': 1.5552815198898315, 'learning_rate': 1e-05, 'epoch': 0.7}
{'loss': 0.1334, 'grad_norm': 0.005357345566153526, 'learning_rate': 1e-05, 'epoch': 0.71}
{'loss': 0.2208, 'grad_norm': 0.0036942586302757263, 'learning_rate': 1e-05, 'epoch': 0.71}
{'loss': 0.1534, 'grad_norm': 17.78215217590332, 'learning_rate': 1e-05, 'epoch': 0.71}
{'loss': 0.1643, 'grad_norm': 44.87959671020508, 'learning_rate': 1e-05, 'epoch': 0.71}
{'loss': 0.2047, 'grad_norm': 0.000528970907907933, 'learning_rate': 1e-05, 'epoch': 0.71}
{'loss': 0.1269, 'grad_norm': 13.727765083312988, 'learning_rate': 1e-05, 'epoch': 0.71}
{'loss': 0.1633, 'grad_norm': 10.361594200134277, 'learning_rate': 1e-05, 'epoch': 0.71}
{'loss': 0.2665, 'grad_norm': 33.79253005981445, 'learning_rate': 1e-05, 'epoch': 0.71}
{'loss': 0.1751, 'grad_norm': 38.711387634277344, 'learning_rate': 1e-05, 'epoch': 0.71}
{'loss': 0.1479, 'grad_norm': 0.11906612664461136, 'learning_rate': 1e-05, 'epoch': 0.71}
{'loss': 0.2267, 'grad_norm': 0.00039322604425251484, 'learning_rate': 1e-05, 'epoch': 0.72}
{'loss': 0.0687, 'grad_norm': 1.891220211982727, 'learning_rate': 1e-05, 'epoch': 0.72}
{'loss': 0.1898, 'grad_norm': 3.212797164916992, 'learning_rate': 1e-05, 'epoch': 0.72}
{'loss': 0.2106, 'grad_norm': 2.003851841436699e-05, 'learning_rate': 1e-05, 'epoch': 0.72}
{'loss': 0.206, 'grad_norm': 1.3581699132919312, 'learning_rate': 1e-05, 'epoch': 0.72}
{'loss': 0.1349, 'grad_norm': 7.823385715484619, 'learning_rate': 1e-05, 'epoch': 0.72}
{'loss': 0.155, 'grad_norm': 0.0010728518245741725, 'learning_rate': 1e-05, 'epoch': 0.72}
{'loss': 0.2406, 'grad_norm': 0.1218477115035057, 'learning_rate': 1e-05, 'epoch': 0.72}
{'loss': 0.1656, 'grad_norm': 3.345346158312168e-06, 'learning_rate': 1e-05, 'epoch': 0.72}
{'loss': 0.2607, 'grad_norm': 0.1289484202861786, 'learning_rate': 1e-05, 'epoch': 0.72}
{'loss': 0.1524, 'grad_norm': 8.744789123535156, 'learning_rate': 1e-05, 'epoch': 0.73}
{'loss': 0.1922, 'grad_norm': 1.938508152961731, 'learning_rate': 1e-05, 'epoch': 0.73}
{'loss': 0.2973, 'grad_norm': 3.439138708927203e-06, 'learning_rate': 1e-05, 'epoch': 0.73}
{'loss': 0.1947, 'grad_norm': 8.413624163949862e-05, 'learning_rate': 1e-05, 'epoch': 0.73}
{'loss': 0.1089, 'grad_norm': 0.12468084692955017, 'learning_rate': 1e-05, 'epoch': 0.73}
{'loss': 0.1769, 'grad_norm': 0.6309382915496826, 'learning_rate': 1e-05, 'epoch': 0.73}
{'loss': 0.2066, 'grad_norm': 5.814571704831906e-05, 'learning_rate': 1e-05, 'epoch': 0.73}
{'loss': 0.1873, 'grad_norm': 52.94927215576172, 'learning_rate': 1e-05, 'epoch': 0.73}
{'loss': 0.1582, 'grad_norm': 0.023958265781402588, 'learning_rate': 1e-05, 'epoch': 0.73}
{'loss': 0.1759, 'grad_norm': 0.00010978898353641853, 'learning_rate': 1e-05, 'epoch': 0.73}
{'loss': 0.2693, 'grad_norm': 1.7641450540395454e-05, 'learning_rate': 1e-05, 'epoch': 0.74}
{'loss': 0.1229, 'grad_norm': 38.69605255126953, 'learning_rate': 1e-05, 'epoch': 0.74}
{'loss': 0.3046, 'grad_norm': 0.15142983198165894, 'learning_rate': 1e-05, 'epoch': 0.74}
{'loss': 0.1546, 'grad_norm': 0.00045139645226299763, 'learning_rate': 1e-05, 'epoch': 0.74}
{'loss': 0.1508, 'grad_norm': 0.0025744731537997723, 'learning_rate': 1e-05, 'epoch': 0.74}
{'loss': 0.2037, 'grad_norm': 0.029406361281871796, 'learning_rate': 1e-05, 'epoch': 0.74}
{'loss': 0.1915, 'grad_norm': 0.03136409819126129, 'learning_rate': 1e-05, 'epoch': 0.74}
{'loss': 0.0942, 'grad_norm': 0.00567510025575757, 'learning_rate': 1e-05, 'epoch': 0.74}
{'loss': 0.1493, 'grad_norm': 14.12905216217041, 'learning_rate': 1e-05, 'epoch': 0.74}
{'loss': 0.0857, 'grad_norm': 0.06202467530965805, 'learning_rate': 1e-05, 'epoch': 0.74}
{'loss': 0.1814, 'grad_norm': 17.947023391723633, 'learning_rate': 1e-05, 'epoch': 0.75}
{'loss': 0.1682, 'grad_norm': 0.3228420615196228, 'learning_rate': 1e-05, 'epoch': 0.75}
{'loss': 0.2247, 'grad_norm': 70.60636138916016, 'learning_rate': 1e-05, 'epoch': 0.75}
{'loss': 0.187, 'grad_norm': 23.329952239990234, 'learning_rate': 1e-05, 'epoch': 0.75}
{'loss': 0.2537, 'grad_norm': 26.521692276000977, 'learning_rate': 1e-05, 'epoch': 0.75}
{'loss': 0.1693, 'grad_norm': 2.2046928279451095e-05, 'learning_rate': 1e-05, 'epoch': 0.75}
{'loss': 0.1822, 'grad_norm': 22.64779281616211, 'learning_rate': 1e-05, 'epoch': 0.75}
{'loss': 0.1602, 'grad_norm': 2.6984540454577655e-05, 'learning_rate': 1e-05, 'epoch': 0.75}
{'loss': 0.2548, 'grad_norm': 0.0017404009122401476, 'learning_rate': 1e-05, 'epoch': 0.75}
{'loss': 0.2371, 'grad_norm': 0.0001982510439120233, 'learning_rate': 1e-05, 'epoch': 0.75}
{'loss': 0.1945, 'grad_norm': 2.7467265681480058e-05, 'learning_rate': 1e-05, 'epoch': 0.76}
{'loss': 0.1312, 'grad_norm': 0.002244549570605159, 'learning_rate': 1e-05, 'epoch': 0.76}
{'loss': 0.1514, 'grad_norm': 4.2317705154418945, 'learning_rate': 1e-05, 'epoch': 0.76}
{'loss': 0.2602, 'grad_norm': 0.26793375611305237, 'learning_rate': 1e-05, 'epoch': 0.76}
{'loss': 0.1242, 'grad_norm': 0.0002664635831024498, 'learning_rate': 1e-05, 'epoch': 0.76}
{'loss': 0.2201, 'grad_norm': 5.3875603675842285, 'learning_rate': 1e-05, 'epoch': 0.76}
{'loss': 0.2152, 'grad_norm': 3.824553277809173e-05, 'learning_rate': 1e-05, 'epoch': 0.76}
{'loss': 0.0832, 'grad_norm': 0.007624616380780935, 'learning_rate': 1e-05, 'epoch': 0.76}
{'loss': 0.242, 'grad_norm': 0.10484377294778824, 'learning_rate': 1e-05, 'epoch': 0.76}
{'loss': 0.1685, 'grad_norm': 42.45618438720703, 'learning_rate': 1e-05, 'epoch': 0.76}
{'loss': 0.1692, 'grad_norm': 19.810882568359375, 'learning_rate': 1e-05, 'epoch': 0.77}
{'loss': 0.2066, 'grad_norm': 0.0037373967934399843, 'learning_rate': 1e-05, 'epoch': 0.77}
{'loss': 0.1935, 'grad_norm': 4.087477207183838, 'learning_rate': 1e-05, 'epoch': 0.77}
{'loss': 0.1473, 'grad_norm': 0.0002933997893705964, 'learning_rate': 1e-05, 'epoch': 0.77}
{'loss': 0.1567, 'grad_norm': 11.960041046142578, 'learning_rate': 1e-05, 'epoch': 0.77}
{'loss': 0.2706, 'grad_norm': 0.00012592568236868829, 'learning_rate': 1e-05, 'epoch': 0.77}
{'loss': 0.2665, 'grad_norm': 0.4056035280227661, 'learning_rate': 1e-05, 'epoch': 0.77}
{'loss': 0.2015, 'grad_norm': 0.006709015462547541, 'learning_rate': 1e-05, 'epoch': 0.77}
{'loss': 0.1529, 'grad_norm': 0.006036866456270218, 'learning_rate': 1e-05, 'epoch': 0.77}
{'loss': 0.1793, 'grad_norm': 2.9164768875489244e-06, 'learning_rate': 1e-05, 'epoch': 0.77}
{'loss': 0.1833, 'grad_norm': 5.916302680969238, 'learning_rate': 1e-05, 'epoch': 0.78}
{'loss': 0.2286, 'grad_norm': 0.09122936427593231, 'learning_rate': 1e-05, 'epoch': 0.78}
{'loss': 0.1424, 'grad_norm': 0.00019681725825648755, 'learning_rate': 1e-05, 'epoch': 0.78}
{'loss': 0.1473, 'grad_norm': 9.49564266204834, 'learning_rate': 1e-05, 'epoch': 0.78}
{'loss': 0.2357, 'grad_norm': 9.689580474514514e-05, 'learning_rate': 1e-05, 'epoch': 0.78}
{'loss': 0.1393, 'grad_norm': 20.334131240844727, 'learning_rate': 1e-05, 'epoch': 0.78}
{'loss': 0.1276, 'grad_norm': 20.588481903076172, 'learning_rate': 1e-05, 'epoch': 0.78}
{'loss': 0.2221, 'grad_norm': 0.005742648150771856, 'learning_rate': 1e-05, 'epoch': 0.78}
{'loss': 0.2701, 'grad_norm': 20.467304229736328, 'learning_rate': 1e-05, 'epoch': 0.78}
{'loss': 0.1986, 'grad_norm': 15.882843971252441, 'learning_rate': 1e-05, 'epoch': 0.78}
{'loss': 0.1988, 'grad_norm': 26.097108840942383, 'learning_rate': 1e-05, 'epoch': 0.79}
{'loss': 0.1447, 'grad_norm': 27.514429092407227, 'learning_rate': 1e-05, 'epoch': 0.79}
{'loss': 0.1411, 'grad_norm': 0.0012417538091540337, 'learning_rate': 1e-05, 'epoch': 0.79}
{'loss': 0.1772, 'grad_norm': 2.0280383978388272e-05, 'learning_rate': 1e-05, 'epoch': 0.79}
{'loss': 0.1836, 'grad_norm': 32.07289505004883, 'learning_rate': 1e-05, 'epoch': 0.79}
{'loss': 0.2451, 'grad_norm': 4.900325775146484, 'learning_rate': 1e-05, 'epoch': 0.79}
{'loss': 0.1624, 'grad_norm': 37.583656311035156, 'learning_rate': 1e-05, 'epoch': 0.79}
{'loss': 0.2412, 'grad_norm': 0.00030480450368486345, 'learning_rate': 1e-05, 'epoch': 0.79}
{'loss': 0.1176, 'grad_norm': 0.00038968533044680953, 'learning_rate': 1e-05, 'epoch': 0.79}
{'loss': 0.1637, 'grad_norm': 0.008897664956748486, 'learning_rate': 1e-05, 'epoch': 0.79}
{'loss': 0.091, 'grad_norm': 26.282875061035156, 'learning_rate': 1e-05, 'epoch': 0.8}
{'loss': 0.2063, 'grad_norm': 0.00018550230015534908, 'learning_rate': 1e-05, 'epoch': 0.8}
{'loss': 0.1744, 'grad_norm': 0.03758442774415016, 'learning_rate': 1e-05, 'epoch': 0.8}
{'loss': 0.1522, 'grad_norm': 16.82908821105957, 'learning_rate': 1e-05, 'epoch': 0.8}
{'loss': 0.2489, 'grad_norm': 0.3952905833721161, 'learning_rate': 1e-05, 'epoch': 0.8}
{'loss': 0.1436, 'grad_norm': 0.07916456460952759, 'learning_rate': 1e-05, 'epoch': 0.8}
{'loss': 0.1857, 'grad_norm': 0.0025383138563483953, 'learning_rate': 1e-05, 'epoch': 0.8}
{'loss': 0.113, 'grad_norm': 0.33456265926361084, 'learning_rate': 1e-05, 'epoch': 0.8}
{'loss': 0.2129, 'grad_norm': 0.00010771024244604632, 'learning_rate': 1e-05, 'epoch': 0.8}
{'loss': 0.1769, 'grad_norm': 0.057737793773412704, 'learning_rate': 1e-05, 'epoch': 0.8}
{'loss': 0.1555, 'grad_norm': 0.00025877219741232693, 'learning_rate': 1e-05, 'epoch': 0.81}
{'loss': 0.1888, 'grad_norm': 22.699302673339844, 'learning_rate': 1e-05, 'epoch': 0.81}
{'loss': 0.1227, 'grad_norm': 3.4250712394714355, 'learning_rate': 1e-05, 'epoch': 0.81}
{'loss': 0.179, 'grad_norm': 24.80150604248047, 'learning_rate': 1e-05, 'epoch': 0.81}
{'loss': 0.1603, 'grad_norm': 28.823678970336914, 'learning_rate': 1e-05, 'epoch': 0.81}
{'loss': 0.1383, 'grad_norm': 0.0021902068983763456, 'learning_rate': 1e-05, 'epoch': 0.81}
{'loss': 0.1177, 'grad_norm': 0.0005034003406763077, 'learning_rate': 1e-05, 'epoch': 0.81}
{'loss': 0.2688, 'grad_norm': 4.480557436181698e-06, 'learning_rate': 1e-05, 'epoch': 0.81}
{'loss': 0.1854, 'grad_norm': 0.00010287246550433338, 'learning_rate': 1e-05, 'epoch': 0.81}
{'loss': 0.1749, 'grad_norm': 0.00045747836702503264, 'learning_rate': 1e-05, 'epoch': 0.81}
{'loss': 0.1257, 'grad_norm': 2.2105967218521982e-05, 'learning_rate': 1e-05, 'epoch': 0.82}
{'loss': 0.155, 'grad_norm': 32.48715591430664, 'learning_rate': 1e-05, 'epoch': 0.82}
{'loss': 0.2563, 'grad_norm': 0.00048036169027909636, 'learning_rate': 1e-05, 'epoch': 0.82}
{'loss': 0.1628, 'grad_norm': 0.18278181552886963, 'learning_rate': 1e-05, 'epoch': 0.82}
{'loss': 0.2203, 'grad_norm': 0.4287174940109253, 'learning_rate': 1e-05, 'epoch': 0.82}
{'loss': 0.2455, 'grad_norm': 0.13769620656967163, 'learning_rate': 1e-05, 'epoch': 0.82}
{'loss': 0.1926, 'grad_norm': 11.093765258789062, 'learning_rate': 1e-05, 'epoch': 0.82}
{'loss': 0.2393, 'grad_norm': 5.249143123626709, 'learning_rate': 1e-05, 'epoch': 0.82}
{'loss': 0.1924, 'grad_norm': 7.711895705142524e-06, 'learning_rate': 1e-05, 'epoch': 0.82}
{'loss': 0.1018, 'grad_norm': 6.747107545379549e-05, 'learning_rate': 1e-05, 'epoch': 0.82}
{'loss': 0.2551, 'grad_norm': 4.376283168792725, 'learning_rate': 1e-05, 'epoch': 0.83}
{'loss': 0.231, 'grad_norm': 0.0035493404138833284, 'learning_rate': 1e-05, 'epoch': 0.83}
{'loss': 0.0973, 'grad_norm': 0.03405817598104477, 'learning_rate': 1e-05, 'epoch': 0.83}
{'loss': 0.2016, 'grad_norm': 0.0016934480518102646, 'learning_rate': 1e-05, 'epoch': 0.83}
{'loss': 0.1882, 'grad_norm': 26.48091697692871, 'learning_rate': 1e-05, 'epoch': 0.83}
{'loss': 0.1068, 'grad_norm': 0.00011246402573306113, 'learning_rate': 1e-05, 'epoch': 0.83}
{'loss': 0.1545, 'grad_norm': 16.385101318359375, 'learning_rate': 1e-05, 'epoch': 0.83}
{'loss': 0.1686, 'grad_norm': 1.2372170686721802, 'learning_rate': 1e-05, 'epoch': 0.83}
{'loss': 0.1636, 'grad_norm': 1.689518398961809e-06, 'learning_rate': 1e-05, 'epoch': 0.83}
{'loss': 0.327, 'grad_norm': 0.0003283843689132482, 'learning_rate': 1e-05, 'epoch': 0.83}
{'loss': 0.2241, 'grad_norm': 8.566019096178934e-05, 'learning_rate': 1e-05, 'epoch': 0.84}
{'loss': 0.1891, 'grad_norm': 0.0007586480933241546, 'learning_rate': 1e-05, 'epoch': 0.84}
{'loss': 0.1097, 'grad_norm': 38.29704666137695, 'learning_rate': 1e-05, 'epoch': 0.84}
{'loss': 0.2314, 'grad_norm': 0.15572258830070496, 'learning_rate': 1e-05, 'epoch': 0.84}
{'loss': 0.0862, 'grad_norm': 18.67538833618164, 'learning_rate': 1e-05, 'epoch': 0.84}
{'loss': 0.1288, 'grad_norm': 0.16754448413848877, 'learning_rate': 1e-05, 'epoch': 0.84}
{'loss': 0.2319, 'grad_norm': 6.430179200833663e-05, 'learning_rate': 1e-05, 'epoch': 0.84}
{'loss': 0.2432, 'grad_norm': 47.32020950317383, 'learning_rate': 1e-05, 'epoch': 0.84}
{'loss': 0.1844, 'grad_norm': 0.003851290326565504, 'learning_rate': 1e-05, 'epoch': 0.84}
{'loss': 0.1897, 'grad_norm': 8.394657197641209e-05, 'learning_rate': 1e-05, 'epoch': 0.84}
{'loss': 0.2117, 'grad_norm': 0.5835713744163513, 'learning_rate': 1e-05, 'epoch': 0.85}
{'loss': 0.1377, 'grad_norm': 10.278843879699707, 'learning_rate': 1e-05, 'epoch': 0.85}
{'loss': 0.1396, 'grad_norm': 30.06785774230957, 'learning_rate': 1e-05, 'epoch': 0.85}
{'loss': 0.2209, 'grad_norm': 0.11804074794054031, 'learning_rate': 1e-05, 'epoch': 0.85}
{'loss': 0.17, 'grad_norm': 0.0009767737938091159, 'learning_rate': 1e-05, 'epoch': 0.85}
{'loss': 0.1686, 'grad_norm': 0.2437596619129181, 'learning_rate': 1e-05, 'epoch': 0.85}
{'loss': 0.1707, 'grad_norm': 0.0001855969021562487, 'learning_rate': 1e-05, 'epoch': 0.85}
{'loss': 0.1524, 'grad_norm': 0.0448477603495121, 'learning_rate': 1e-05, 'epoch': 0.85}
{'loss': 0.2068, 'grad_norm': 3.0887155532836914, 'learning_rate': 1e-05, 'epoch': 0.85}
{'loss': 0.1017, 'grad_norm': 0.0002602238382678479, 'learning_rate': 1e-05, 'epoch': 0.85}
{'loss': 0.157, 'grad_norm': 0.0009708112338557839, 'learning_rate': 1e-05, 'epoch': 0.86}
{'loss': 0.1808, 'grad_norm': 0.21666353940963745, 'learning_rate': 1e-05, 'epoch': 0.86}
{'loss': 0.145, 'grad_norm': 5.7706724874151405e-06, 'learning_rate': 1e-05, 'epoch': 0.86}
{'loss': 0.213, 'grad_norm': 18.534656524658203, 'learning_rate': 1e-05, 'epoch': 0.86}
{'loss': 0.1359, 'grad_norm': 15.250898361206055, 'learning_rate': 1e-05, 'epoch': 0.86}
{'loss': 0.197, 'grad_norm': 5.6008015235420316e-05, 'learning_rate': 1e-05, 'epoch': 0.86}
{'loss': 0.1035, 'grad_norm': 0.39561623334884644, 'learning_rate': 1e-05, 'epoch': 0.86}
{'loss': 0.0855, 'grad_norm': 4.585434436798096, 'learning_rate': 1e-05, 'epoch': 0.86}
{'loss': 0.19, 'grad_norm': 0.0049605704843997955, 'learning_rate': 1e-05, 'epoch': 0.86}
{'loss': 0.1279, 'grad_norm': 32.90242385864258, 'learning_rate': 1e-05, 'epoch': 0.86}
{'loss': 0.1027, 'grad_norm': 0.15503257513046265, 'learning_rate': 1e-05, 'epoch': 0.87}
{'loss': 0.2492, 'grad_norm': 0.011446434073150158, 'learning_rate': 1e-05, 'epoch': 0.87}
{'loss': 0.1299, 'grad_norm': 0.0004180059186182916, 'learning_rate': 1e-05, 'epoch': 0.87}
{'loss': 0.1359, 'grad_norm': 1.506743865320459e-05, 'learning_rate': 1e-05, 'epoch': 0.87}
{'loss': 0.1613, 'grad_norm': 0.0017782080685719848, 'learning_rate': 1e-05, 'epoch': 0.87}
{'loss': 0.1244, 'grad_norm': 5.378001515055075e-05, 'learning_rate': 1e-05, 'epoch': 0.87}
{'loss': 0.0871, 'grad_norm': 8.117992547340691e-05, 'learning_rate': 1e-05, 'epoch': 0.87}
{'loss': 0.1565, 'grad_norm': 2.556206703186035, 'learning_rate': 1e-05, 'epoch': 0.87}
{'loss': 0.207, 'grad_norm': 1.796358346939087, 'learning_rate': 1e-05, 'epoch': 0.87}
{'loss': 0.1801, 'grad_norm': 1.6024636030197144, 'learning_rate': 1e-05, 'epoch': 0.87}
{'loss': 0.21, 'grad_norm': 0.0016891557024791837, 'learning_rate': 1e-05, 'epoch': 0.88}
{'loss': 0.1697, 'grad_norm': 45.76600646972656, 'learning_rate': 1e-05, 'epoch': 0.88}
{'loss': 0.1593, 'grad_norm': 1.9396642446517944, 'learning_rate': 1e-05, 'epoch': 0.88}
{'loss': 0.2375, 'grad_norm': 5.8908968640025705e-05, 'learning_rate': 1e-05, 'epoch': 0.88}
{'loss': 0.2689, 'grad_norm': 1.1520718336105347, 'learning_rate': 1e-05, 'epoch': 0.88}
{'loss': 0.0781, 'grad_norm': 0.010477042756974697, 'learning_rate': 1e-05, 'epoch': 0.88}
{'loss': 0.0652, 'grad_norm': 2.3533685578058794e-07, 'learning_rate': 1e-05, 'epoch': 0.88}
{'loss': 0.2154, 'grad_norm': 0.029446328058838844, 'learning_rate': 1e-05, 'epoch': 0.88}
{'loss': 0.112, 'grad_norm': 2.8194535843795165e-05, 'learning_rate': 1e-05, 'epoch': 0.88}
{'loss': 0.2162, 'grad_norm': 0.0036090719513595104, 'learning_rate': 1e-05, 'epoch': 0.88}
{'loss': 0.2637, 'grad_norm': 0.0023999058175832033, 'learning_rate': 1e-05, 'epoch': 0.89}
{'loss': 0.1907, 'grad_norm': 0.0002917938691098243, 'learning_rate': 1e-05, 'epoch': 0.89}
{'loss': 0.0912, 'grad_norm': 2.4329565349034965e-06, 'learning_rate': 1e-05, 'epoch': 0.89}
{'loss': 0.1342, 'grad_norm': 2.008608818054199, 'learning_rate': 1e-05, 'epoch': 0.89}
{'loss': 0.1105, 'grad_norm': 0.08776456117630005, 'learning_rate': 1e-05, 'epoch': 0.89}
{'loss': 0.1296, 'grad_norm': 0.7728064656257629, 'learning_rate': 1e-05, 'epoch': 0.89}
{'loss': 0.1477, 'grad_norm': 1.1161891222000122, 'learning_rate': 1e-05, 'epoch': 0.89}
{'loss': 0.0803, 'grad_norm': 3.6652716062235413e-07, 'learning_rate': 1e-05, 'epoch': 0.89}
{'loss': 0.1398, 'grad_norm': 9.986417717300355e-05, 'learning_rate': 1e-05, 'epoch': 0.89}
{'loss': 0.1959, 'grad_norm': 0.059171613305807114, 'learning_rate': 1e-05, 'epoch': 0.89}
{'loss': 0.1462, 'grad_norm': 0.1733386069536209, 'learning_rate': 1e-05, 'epoch': 0.9}
{'loss': 0.2446, 'grad_norm': 5.6945600509643555, 'learning_rate': 1e-05, 'epoch': 0.9}
{'loss': 0.0911, 'grad_norm': 6.451713562011719, 'learning_rate': 1e-05, 'epoch': 0.9}
{'loss': 0.2146, 'grad_norm': 0.00014607400225941092, 'learning_rate': 1e-05, 'epoch': 0.9}
{'loss': 0.0934, 'grad_norm': 4.101484775543213, 'learning_rate': 1e-05, 'epoch': 0.9}
{'loss': 0.1575, 'grad_norm': 0.0017934900242835283, 'learning_rate': 1e-05, 'epoch': 0.9}
{'loss': 0.1535, 'grad_norm': 6.469519576057792e-06, 'learning_rate': 1e-05, 'epoch': 0.9}
{'loss': 0.145, 'grad_norm': 46.14249038696289, 'learning_rate': 1e-05, 'epoch': 0.9}
{'loss': 0.152, 'grad_norm': 0.00028989952988922596, 'learning_rate': 1e-05, 'epoch': 0.9}
{'loss': 0.191, 'grad_norm': 2.3225467884913087e-05, 'learning_rate': 1e-05, 'epoch': 0.9}
{'loss': 0.2721, 'grad_norm': 0.0008426010026596487, 'learning_rate': 1e-05, 'epoch': 0.91}
{'loss': 0.3005, 'grad_norm': 37.12944793701172, 'learning_rate': 1e-05, 'epoch': 0.91}
{'loss': 0.1711, 'grad_norm': 0.00023807919933460653, 'learning_rate': 1e-05, 'epoch': 0.91}
{'loss': 0.0759, 'grad_norm': 0.0001479276252212003, 'learning_rate': 1e-05, 'epoch': 0.91}
{'loss': 0.1611, 'grad_norm': 14.515573501586914, 'learning_rate': 1e-05, 'epoch': 0.91}
{'loss': 0.2447, 'grad_norm': 8.904145033739042e-06, 'learning_rate': 1e-05, 'epoch': 0.91}
{'loss': 0.1482, 'grad_norm': 9.131531260209158e-05, 'learning_rate': 1e-05, 'epoch': 0.91}
{'loss': 0.2248, 'grad_norm': 11.293200492858887, 'learning_rate': 1e-05, 'epoch': 0.91}
{'loss': 0.1659, 'grad_norm': 9.89120167105284e-07, 'learning_rate': 1e-05, 'epoch': 0.91}
{'loss': 0.2257, 'grad_norm': 0.0001240787678398192, 'learning_rate': 1e-05, 'epoch': 0.91}
{'loss': 0.1902, 'grad_norm': 4.176865786575945e-06, 'learning_rate': 1e-05, 'epoch': 0.92}
{'loss': 0.073, 'grad_norm': 1.6670551300048828, 'learning_rate': 1e-05, 'epoch': 0.92}
{'loss': 0.2082, 'grad_norm': 2.0560812950134277, 'learning_rate': 1e-05, 'epoch': 0.92}
{'loss': 0.1408, 'grad_norm': 0.11346745491027832, 'learning_rate': 1e-05, 'epoch': 0.92}
{'loss': 0.1621, 'grad_norm': 0.014405086636543274, 'learning_rate': 1e-05, 'epoch': 0.92}
{'loss': 0.1099, 'grad_norm': 1.867512401076965e-05, 'learning_rate': 1e-05, 'epoch': 0.92}
{'loss': 0.1715, 'grad_norm': 26.031574249267578, 'learning_rate': 1e-05, 'epoch': 0.92}
{'loss': 0.1468, 'grad_norm': 0.0022338400594890118, 'learning_rate': 1e-05, 'epoch': 0.92}
{'loss': 0.1532, 'grad_norm': 4.210127008263953e-05, 'learning_rate': 1e-05, 'epoch': 0.92}
{'loss': 0.1652, 'grad_norm': 0.006522324401885271, 'learning_rate': 1e-05, 'epoch': 0.92}
{'loss': 0.2062, 'grad_norm': 1.5356069980043685e-06, 'learning_rate': 1e-05, 'epoch': 0.93}
{'loss': 0.1787, 'grad_norm': 0.02089306339621544, 'learning_rate': 1e-05, 'epoch': 0.93}
{'loss': 0.1664, 'grad_norm': 44.97074508666992, 'learning_rate': 1e-05, 'epoch': 0.93}
{'loss': 0.3156, 'grad_norm': 47.46681213378906, 'learning_rate': 1e-05, 'epoch': 0.93}
{'loss': 0.1715, 'grad_norm': 0.006526857148855925, 'learning_rate': 1e-05, 'epoch': 0.93}
{'loss': 0.1774, 'grad_norm': 5.437663048724062e-07, 'learning_rate': 1e-05, 'epoch': 0.93}
{'loss': 0.2327, 'grad_norm': 5.7944769859313965, 'learning_rate': 1e-05, 'epoch': 0.93}
{'loss': 0.0688, 'grad_norm': 0.0003100194735452533, 'learning_rate': 1e-05, 'epoch': 0.93}
{'loss': 0.242, 'grad_norm': 0.0002557854459155351, 'learning_rate': 1e-05, 'epoch': 0.93}
{'loss': 0.2007, 'grad_norm': 0.013370661064982414, 'learning_rate': 1e-05, 'epoch': 0.93}
{'loss': 0.1591, 'grad_norm': 2.7181975383427925e-05, 'learning_rate': 1e-05, 'epoch': 0.94}
{'loss': 0.1119, 'grad_norm': 0.0005624543991871178, 'learning_rate': 1e-05, 'epoch': 0.94}
{'loss': 0.2224, 'grad_norm': 0.08163067698478699, 'learning_rate': 1e-05, 'epoch': 0.94}
{'loss': 0.1074, 'grad_norm': 24.84424591064453, 'learning_rate': 1e-05, 'epoch': 0.94}
{'loss': 0.1681, 'grad_norm': 16.956920623779297, 'learning_rate': 1e-05, 'epoch': 0.94}
{'loss': 0.2472, 'grad_norm': 1.024601936340332, 'learning_rate': 1e-05, 'epoch': 0.94}
{'loss': 0.0803, 'grad_norm': 0.04157629981637001, 'learning_rate': 1e-05, 'epoch': 0.94}
{'loss': 0.1487, 'grad_norm': 0.0038592624478042126, 'learning_rate': 1e-05, 'epoch': 0.94}
{'loss': 0.1099, 'grad_norm': 0.0013967957347631454, 'learning_rate': 1e-05, 'epoch': 0.94}
{'loss': 0.2291, 'grad_norm': 17.961719512939453, 'learning_rate': 1e-05, 'epoch': 0.94}
{'loss': 0.1539, 'grad_norm': 0.0008510586339980364, 'learning_rate': 1e-05, 'epoch': 0.95}
{'loss': 0.1918, 'grad_norm': 0.0011993503430858254, 'learning_rate': 1e-05, 'epoch': 0.95}
{'loss': 0.1765, 'grad_norm': 9.170799255371094, 'learning_rate': 1e-05, 'epoch': 0.95}
{'loss': 0.1302, 'grad_norm': 3.050845123198087e-07, 'learning_rate': 1e-05, 'epoch': 0.95}
{'loss': 0.2191, 'grad_norm': 25.914392471313477, 'learning_rate': 1e-05, 'epoch': 0.95}
{'loss': 0.1555, 'grad_norm': 11.176596641540527, 'learning_rate': 1e-05, 'epoch': 0.95}
{'loss': 0.1464, 'grad_norm': 26.840896606445312, 'learning_rate': 1e-05, 'epoch': 0.95}
{'loss': 0.1279, 'grad_norm': 0.0035561013501137495, 'learning_rate': 1e-05, 'epoch': 0.95}
{'loss': 0.1267, 'grad_norm': 5.36543083190918, 'learning_rate': 1e-05, 'epoch': 0.95}
{'loss': 0.237, 'grad_norm': 0.7760186791419983, 'learning_rate': 1e-05, 'epoch': 0.95}
{'loss': 0.147, 'grad_norm': 1.8339365720748901, 'learning_rate': 1e-05, 'epoch': 0.96}
{'loss': 0.1975, 'grad_norm': 0.0005682280170731246, 'learning_rate': 1e-05, 'epoch': 0.96}
{'loss': 0.1375, 'grad_norm': 0.002157635288313031, 'learning_rate': 1e-05, 'epoch': 0.96}
{'loss': 0.1272, 'grad_norm': 0.9025155901908875, 'learning_rate': 1e-05, 'epoch': 0.96}
{'loss': 0.2112, 'grad_norm': 0.0025112489238381386, 'learning_rate': 1e-05, 'epoch': 0.96}
{'loss': 0.1984, 'grad_norm': 27.514650344848633, 'learning_rate': 1e-05, 'epoch': 0.96}
{'loss': 0.1812, 'grad_norm': 9.832387877395377e-05, 'learning_rate': 1e-05, 'epoch': 0.96}
{'loss': 0.1243, 'grad_norm': 4.760000956594013e-05, 'learning_rate': 1e-05, 'epoch': 0.96}
{'loss': 0.2013, 'grad_norm': 8.73800236149691e-05, 'learning_rate': 1e-05, 'epoch': 0.96}
{'loss': 0.157, 'grad_norm': 2.3901986878627213e-06, 'learning_rate': 1e-05, 'epoch': 0.96}
{'loss': 0.213, 'grad_norm': 4.365733275335515e-06, 'learning_rate': 1e-05, 'epoch': 0.97}
{'loss': 0.1518, 'grad_norm': 3.439732608967461e-05, 'learning_rate': 1e-05, 'epoch': 0.97}
{'loss': 0.2496, 'grad_norm': 0.00020850503642577678, 'learning_rate': 1e-05, 'epoch': 0.97}
{'loss': 0.2029, 'grad_norm': 17.98647689819336, 'learning_rate': 1e-05, 'epoch': 0.97}
{'loss': 0.1796, 'grad_norm': 157.66014099121094, 'learning_rate': 1e-05, 'epoch': 0.97}
{'loss': 0.2185, 'grad_norm': 0.04414759576320648, 'learning_rate': 1e-05, 'epoch': 0.97}
{'loss': 0.1217, 'grad_norm': 7.29574094293639e-05, 'learning_rate': 1e-05, 'epoch': 0.97}
{'loss': 0.195, 'grad_norm': 12.297333717346191, 'learning_rate': 1e-05, 'epoch': 0.97}
{'loss': 0.136, 'grad_norm': 5.802931785583496, 'learning_rate': 1e-05, 'epoch': 0.97}
{'loss': 0.1609, 'grad_norm': 0.021582022309303284, 'learning_rate': 1e-05, 'epoch': 0.97}
{'loss': 0.1373, 'grad_norm': 0.5126773118972778, 'learning_rate': 1e-05, 'epoch': 0.98}
{'loss': 0.2137, 'grad_norm': 0.011779901571571827, 'learning_rate': 1e-05, 'epoch': 0.98}
{'loss': 0.1514, 'grad_norm': 0.33030763268470764, 'learning_rate': 1e-05, 'epoch': 0.98}
{'loss': 0.228, 'grad_norm': 0.3099086582660675, 'learning_rate': 1e-05, 'epoch': 0.98}
{'loss': 0.1554, 'grad_norm': 0.7103638648986816, 'learning_rate': 1e-05, 'epoch': 0.98}
{'loss': 0.1902, 'grad_norm': 17.31561279296875, 'learning_rate': 1e-05, 'epoch': 0.98}
{'loss': 0.2388, 'grad_norm': 0.6497132778167725, 'learning_rate': 1e-05, 'epoch': 0.98}
{'loss': 0.1553, 'grad_norm': 1.385527866659686e-06, 'learning_rate': 1e-05, 'epoch': 0.98}
{'loss': 0.2349, 'grad_norm': 0.010541512630879879, 'learning_rate': 1e-05, 'epoch': 0.98}
{'loss': 0.1737, 'grad_norm': 0.07744462788105011, 'learning_rate': 1e-05, 'epoch': 0.98}
{'loss': 0.1689, 'grad_norm': 2.68626772594871e-05, 'learning_rate': 1e-05, 'epoch': 0.99}
{'loss': 0.0956, 'grad_norm': 24.681798934936523, 'learning_rate': 1e-05, 'epoch': 0.99}
{'loss': 0.1514, 'grad_norm': 7.197738170623779, 'learning_rate': 1e-05, 'epoch': 0.99}
{'loss': 0.1699, 'grad_norm': 7.003387054282939e-06, 'learning_rate': 1e-05, 'epoch': 0.99}
{'loss': 0.1518, 'grad_norm': 15.468034744262695, 'learning_rate': 1e-05, 'epoch': 0.99}
{'loss': 0.0725, 'grad_norm': 4.2353622120572254e-05, 'learning_rate': 1e-05, 'epoch': 0.99}
{'loss': 0.1477, 'grad_norm': 0.0011011856840923429, 'learning_rate': 1e-05, 'epoch': 0.99}
{'loss': 0.2149, 'grad_norm': 16.789352416992188, 'learning_rate': 1e-05, 'epoch': 0.99}
{'loss': 0.2414, 'grad_norm': 33.859798431396484, 'learning_rate': 1e-05, 'epoch': 0.99}
{'loss': 0.2313, 'grad_norm': 1.1162230748595903e-06, 'learning_rate': 1e-05, 'epoch': 0.99}
{'loss': 0.0741, 'grad_norm': 3.828060289379209e-05, 'learning_rate': 1e-05, 'epoch': 1.0}
{'loss': 0.1306, 'grad_norm': 31.818262100219727, 'learning_rate': 1e-05, 'epoch': 1.0}
{'loss': 0.2144, 'grad_norm': 0.07749524712562561, 'learning_rate': 1e-05, 'epoch': 1.0}
{'loss': 0.1489, 'grad_norm': 4.8912088459474035e-06, 'learning_rate': 1e-05, 'epoch': 1.0}
{'loss': 0.1034, 'grad_norm': 0.0036851076874881983, 'learning_rate': 1e-05, 'epoch': 1.0}
{'train_runtime': 35222.2703, 'train_samples_per_second': 9.1, 'train_steps_per_second': 0.569, 'train_loss': 0.23252222177742282, 'epoch': 1.0}
[1;34mwandb[0m: 
[1;34mwandb[0m:  View run [33mDream-ReasonIR-mix-large[0m at: [34mhttps://wandb.ai/siyue-zhang/ReasonIR/runs/td17w9g0[0m
[1;34mwandb[0m: Find logs at: [1;35mwandb/run-20250525_114517-td17w9g0/logs[0m
